{"C:\\Users\\brand\\CascadeProjects\\wellconnect-pro\\src\\agents\\complianceAgent.ts": {"path":"C:\\Users\\brand\\CascadeProjects\\wellconnect-pro\\src\\agents\\complianceAgent.ts","statementMap":{"0":{"start":{"line":3,"column":0},"end":{"line":3,"column":13}},"1":{"start":{"line":4,"column":10},"end":{"line":4,"column":45}},"2":{"start":{"line":5,"column":10},"end":{"line":5,"column":46}},"3":{"start":{"line":7,"column":2},"end":{"line":11,"column":null}},"4":{"start":{"line":8,"column":4},"end":{"line":10,"column":47}},"5":{"start":{"line":13,"column":2},"end":{"line":15,"column":null}},"6":{"start":{"line":14,"column":4},"end":{"line":14,"column":30}},"7":{"start":{"line":17,"column":2},"end":{"line":19,"column":null}},"8":{"start":{"line":18,"column":4},"end":{"line":18,"column":31}},"9":{"start":{"line":21,"column":10},"end":{"line":23,"column":null}},"10":{"start":{"line":22,"column":4},"end":{"line":22,"column":45}},"11":{"start":{"line":25,"column":10},"end":{"line":27,"column":null}},"12":{"start":{"line":26,"column":4},"end":{"line":26,"column":46}},"13":{"start":{"line":29,"column":10},"end":{"line":40,"column":null}},"14":{"start":{"line":30,"column":30},"end":{"line":35,"column":6}},"15":{"start":{"line":37,"column":4},"end":{"line":39,"column":6}},"16":{"start":{"line":38,"column":6},"end":{"line":38,"column":null}},"17":{"start":{"line":42,"column":2},"end":{"line":48,"column":null}},"18":{"start":{"line":43,"column":4},"end":{"line":47,"column":6}},"19":{"start":{"line":49,"column":0},"end":{"line":49,"column":null}},"20":{"start":{"line":3,"column":13},"end":{"line":3,"column":28}}},"fnMap":{"0":{"name":"(anonymous_0)","decl":{"start":{"line":3,"column":0},"end":{"line":3,"column":13}},"loc":{"start":{"line":3,"column":0},"end":{"line":49,"column":null}}},"1":{"name":"(anonymous_2)","decl":{"start":{"line":7,"column":2},"end":{"line":7,"column":23}},"loc":{"start":{"line":7,"column":47},"end":{"line":11,"column":3}}},"2":{"name":"(anonymous_3)","decl":{"start":{"line":13,"column":2},"end":{"line":13,"column":14}},"loc":{"start":{"line":13,"column":28},"end":{"line":15,"column":3}}},"3":{"name":"(anonymous_4)","decl":{"start":{"line":17,"column":2},"end":{"line":17,"column":15}},"loc":{"start":{"line":17,"column":29},"end":{"line":19,"column":3}}},"4":{"name":"(anonymous_5)","decl":{"start":{"line":21,"column":2},"end":{"line":21,"column":10}},"loc":{"start":{"line":21,"column":43},"end":{"line":23,"column":3}}},"5":{"name":"(anonymous_6)","decl":{"start":{"line":25,"column":2},"end":{"line":25,"column":10}},"loc":{"start":{"line":25,"column":45},"end":{"line":27,"column":3}}},"6":{"name":"(anonymous_7)","decl":{"start":{"line":29,"column":2},"end":{"line":29,"column":10}},"loc":{"start":{"line":29,"column":55},"end":{"line":40,"column":3}}},"7":{"name":"(anonymous_8)","decl":{"start":{"line":37,"column":35},"end":{"line":37,"column":42}},"loc":{"start":{"line":37,"column":42},"end":{"line":38,"column":13}}},"8":{"name":"(anonymous_9)","decl":{"start":{"line":42,"column":2},"end":{"line":42,"column":26}},"loc":{"start":{"line":42,"column":2},"end":{"line":48,"column":3}}}},"branchMap":{"0":{"loc":{"start":{"line":8,"column":11},"end":{"line":10,"column":46}},"type":"binary-expr","locations":[{"start":{"line":8,"column":11},"end":{"line":8,"column":35}},{"start":{"line":9,"column":11},"end":{"line":9,"column":37}},{"start":{"line":10,"column":11},"end":{"line":10,"column":46}}]}},"s":{"0":0,"1":0,"2":0,"3":0,"4":0,"5":0,"6":0,"7":0,"8":0,"9":0,"10":0,"11":0,"12":0,"13":0,"14":0,"15":0,"16":0,"17":0,"18":0,"19":0,"20":0},"f":{"0":0,"1":0,"2":0,"3":0,"4":0,"5":0,"6":0,"7":0,"8":0},"b":{"0":[0,0,0]}}
,"C:\\Users\\brand\\CascadeProjects\\wellconnect-pro\\src\\agents\\dispatchAgent.ts": {"path":"C:\\Users\\brand\\CascadeProjects\\wellconnect-pro\\src\\agents\\dispatchAgent.ts","statementMap":{"0":{"start":{"line":1,"column":0},"end":{"line":1,"column":36}},"1":{"start":{"line":4,"column":0},"end":{"line":4,"column":13}},"2":{"start":{"line":5,"column":10},"end":{"line":22,"column":4}},"3":{"start":{"line":24,"column":10},"end":{"line":24,"column":31}},"4":{"start":{"line":25,"column":10},"end":{"line":25,"column":30}},"5":{"start":{"line":27,"column":8},"end":{"line":55,"column":null}},"6":{"start":{"line":28,"column":4},"end":{"line":31,"column":5}},"7":{"start":{"line":29,"column":6},"end":{"line":29,"column":48}},"8":{"start":{"line":30,"column":6},"end":{"line":30,"column":19}},"9":{"start":{"line":33,"column":10},"end":{"line":33,"column":54}},"10":{"start":{"line":36,"column":6},"end":{"line":45,"column":9}},"11":{"start":{"line":47,"column":6},"end":{"line":47,"column":29}},"12":{"start":{"line":48,"column":6},"end":{"line":48,"column":39}},"13":{"start":{"line":50,"column":6},"end":{"line":50,"column":18}},"14":{"start":{"line":52,"column":6},"end":{"line":52,"column":53}},"15":{"start":{"line":53,"column":6},"end":{"line":53,"column":19}},"16":{"start":{"line":57,"column":10},"end":{"line":60,"column":null}},"17":{"start":{"line":58,"column":19},"end":{"line":58,"column":83}},"18":{"start":{"line":59,"column":4},"end":{"line":59,"column":46}},"19":{"start":{"line":62,"column":10},"end":{"line":69,"column":null}},"20":{"start":{"line":62,"column":2},"end":{"line":62,"column":10}},"21":{"start":{"line":63,"column":16},"end":{"line":63,"column":26}},"22":{"start":{"line":64,"column":21},"end":{"line":64,"column":92}},"23":{"start":{"line":66,"column":4},"end":{"line":68,"column":43}},"24":{"start":{"line":67,"column":6},"end":{"line":67,"column":31}},"25":{"start":{"line":70,"column":0},"end":{"line":70,"column":null}},"26":{"start":{"line":4,"column":13},"end":{"line":4,"column":26}}},"fnMap":{"0":{"name":"(anonymous_14)","decl":{"start":{"line":4,"column":0},"end":{"line":4,"column":13}},"loc":{"start":{"line":4,"column":0},"end":{"line":70,"column":null}}},"1":{"name":"(anonymous_16)","decl":{"start":{"line":27,"column":2},"end":{"line":27,"column":8}},"loc":{"start":{"line":27,"column":58},"end":{"line":55,"column":null}}},"2":{"name":"(anonymous_19)","decl":{"start":{"line":57,"column":2},"end":{"line":57,"column":10}},"loc":{"start":{"line":57,"column":2},"end":{"line":60,"column":3}}},"3":{"name":"(anonymous_20)","decl":{"start":{"line":62,"column":2},"end":{"line":62,"column":10}},"loc":{"start":{"line":62,"column":2},"end":{"line":69,"column":3}}},"4":{"name":"(anonymous_21)","decl":{"start":{"line":66,"column":15},"end":{"line":66,"column":null}},"loc":{"start":{"line":66,"column":15},"end":{"line":68,"column":5}}}},"branchMap":{"0":{"loc":{"start":{"line":28,"column":4},"end":{"line":31,"column":5}},"type":"if","locations":[{"start":{"line":28,"column":4},"end":{"line":31,"column":5}}]}},"s":{"0":0,"1":0,"2":0,"3":0,"4":0,"5":0,"6":0,"7":0,"8":0,"9":0,"10":0,"11":0,"12":0,"13":0,"14":0,"15":0,"16":0,"17":0,"18":0,"19":0,"20":0,"21":0,"22":0,"23":0,"24":0,"25":0,"26":0},"f":{"0":0,"1":0,"2":0,"3":0,"4":0},"b":{"0":[0]}}
,"C:\\Users\\brand\\CascadeProjects\\wellconnect-pro\\src\\agents\\emailDiscoveryAgent.ts": {"path":"C:\\Users\\brand\\CascadeProjects\\wellconnect-pro\\src\\agents\\emailDiscoveryAgent.ts","statementMap":{"0":{"start":{"line":1,"column":0},"end":{"line":1,"column":26}},"1":{"start":{"line":4,"column":0},"end":{"line":4,"column":13}},"2":{"start":{"line":5,"column":10},"end":{"line":9,"column":4}},"3":{"start":{"line":11,"column":8},"end":{"line":34,"column":null}},"4":{"start":{"line":12,"column":10},"end":{"line":12,"column":42}},"5":{"start":{"line":14,"column":37},"end":{"line":14,"column":null}},"6":{"start":{"line":14,"column":25},"end":{"line":14,"column":null}},"7":{"start":{"line":14,"column":15},"end":{"line":14,"column":25}},"8":{"start":{"line":16,"column":25},"end":{"line":24,"column":null}},"9":{"start":{"line":16,"column":14},"end":{"line":24,"column":null}},"10":{"start":{"line":26,"column":14},"end":{"line":26,"column":74}},"11":{"start":{"line":27,"column":8},"end":{"line":27,"column":41}},"12":{"start":{"line":29,"column":8},"end":{"line":29,"column":73}},"13":{"start":{"line":33,"column":4},"end":{"line":33,"column":46}},"14":{"start":{"line":36,"column":10},"end":{"line":41,"column":null}},"15":{"start":{"line":38,"column":23},"end":{"line":38,"column":51}},"16":{"start":{"line":39,"column":4},"end":{"line":40,"column":53}},"17":{"start":{"line":43,"column":10},"end":{"line":47,"column":null}},"18":{"start":{"line":44,"column":4},"end":{"line":46,"column":23}},"19":{"start":{"line":44,"column":48},"end":{"line":44,"column":56}},"20":{"start":{"line":45,"column":20},"end":{"line":45,"column":59}},"21":{"start":{"line":45,"column":39},"end":{"line":45,"column":58}},"22":{"start":{"line":48,"column":0},"end":{"line":48,"column":null}},"23":{"start":{"line":4,"column":13},"end":{"line":4,"column":32}}},"fnMap":{"0":{"name":"(anonymous_14)","decl":{"start":{"line":4,"column":0},"end":{"line":4,"column":13}},"loc":{"start":{"line":4,"column":0},"end":{"line":48,"column":null}}},"1":{"name":"(anonymous_16)","decl":{"start":{"line":11,"column":2},"end":{"line":11,"column":8}},"loc":{"start":{"line":11,"column":64},"end":{"line":34,"column":null}}},"2":{"name":"(anonymous_19)","decl":{"start":{"line":36,"column":2},"end":{"line":36,"column":10}},"loc":{"start":{"line":36,"column":49},"end":{"line":41,"column":3}}},"3":{"name":"(anonymous_20)","decl":{"start":{"line":43,"column":2},"end":{"line":43,"column":10}},"loc":{"start":{"line":43,"column":56},"end":{"line":47,"column":3}}},"4":{"name":"(anonymous_21)","decl":{"start":{"line":44,"column":43},"end":{"line":44,"column":44}},"loc":{"start":{"line":44,"column":44},"end":{"line":44,"column":49}}},"5":{"name":"(anonymous_22)","decl":{"start":{"line":45,"column":11},"end":{"line":45,"column":16}},"loc":{"start":{"line":45,"column":16},"end":{"line":45,"column":28}}},"6":{"name":"(anonymous_23)","decl":{"start":{"line":45,"column":34},"end":{"line":45,"column":35}},"loc":{"start":{"line":45,"column":35},"end":{"line":45,"column":40}}}},"branchMap":{"0":{"loc":{"start":{"line":33,"column":4},"end":{"line":33,"column":46}},"type":"switch","locations":[{"start":{"line":33,"column":4},"end":{"line":33,"column":46}}]},"1":{"loc":{"start":{"line":14,"column":25},"end":{"line":14,"column":null}},"type":"if","locations":[{"start":{"line":14,"column":25},"end":{"line":14,"column":null}}]},"2":{"loc":{"start":{"line":39,"column":11},"end":{"line":40,"column":52}},"type":"binary-expr","locations":[{"start":{"line":39,"column":11},"end":{"line":39,"column":41}},{"start":{"line":40,"column":11},"end":{"line":40,"column":52}}]}},"s":{"0":0,"1":0,"2":0,"3":0,"4":0,"5":0,"6":0,"7":0,"8":0,"9":0,"10":0,"11":0,"12":0,"13":0,"14":0,"15":0,"16":0,"17":0,"18":0,"19":0,"20":0,"21":0,"22":0,"23":0},"f":{"0":0,"1":0,"2":0,"3":0,"4":0,"5":0,"6":0},"b":{"0":[0],"1":[0],"2":[0,0]}}
,"C:\\Users\\brand\\CascadeProjects\\wellconnect-pro\\src\\agents\\orchestrator.ts": {"path":"C:\\Users\\brand\\CascadeProjects\\wellconnect-pro\\src\\agents\\orchestrator.ts","statementMap":{"0":{"start":{"line":1,"column":0},"end":{"line":1,"column":60}},"1":{"start":{"line":2,"column":0},"end":{"line":2,"column":66}},"2":{"start":{"line":3,"column":0},"end":{"line":3,"column":48}},"3":{"start":{"line":4,"column":0},"end":{"line":4,"column":54}},"4":{"start":{"line":5,"column":0},"end":{"line":5,"column":52}},"5":{"start":{"line":8,"column":0},"end":{"line":8,"column":13}},"6":{"start":{"line":16,"column":4},"end":{"line":16,"column":52}},"7":{"start":{"line":17,"column":4},"end":{"line":17,"column":58}},"8":{"start":{"line":18,"column":4},"end":{"line":18,"column":40}},"9":{"start":{"line":19,"column":4},"end":{"line":19,"column":46}},"10":{"start":{"line":20,"column":4},"end":{"line":20,"column":44}},"11":{"start":{"line":23,"column":8},"end":{"line":59,"column":null}},"12":{"start":{"line":26,"column":23},"end":{"line":26,"column":null}},"13":{"start":{"line":26,"column":12},"end":{"line":26,"column":null}},"14":{"start":{"line":28,"column":36},"end":{"line":28,"column":null}},"15":{"start":{"line":28,"column":28},"end":{"line":28,"column":null}},"16":{"start":{"line":28,"column":17},"end":{"line":28,"column":28}},"17":{"start":{"line":30,"column":8},"end":{"line":32,"column":9}},"18":{"start":{"line":31,"column":10},"end":{"line":31,"column":19}},"19":{"start":{"line":35,"column":29},"end":{"line":35,"column":null}},"20":{"start":{"line":35,"column":14},"end":{"line":35,"column":null}},"21":{"start":{"line":38,"column":21},"end":{"line":38,"column":null}},"22":{"start":{"line":38,"column":14},"end":{"line":38,"column":null}},"23":{"start":{"line":40,"column":8},"end":{"line":43,"column":9}},"24":{"start":{"line":42,"column":10},"end":{"line":42,"column":51}},"25":{"start":{"line":47,"column":12},"end":{"line":47,"column":72}},"26":{"start":{"line":48,"column":12},"end":{"line":48,"column":74}},"27":{"start":{"line":50,"column":6},"end":{"line":53,"column":8}},"28":{"start":{"line":56,"column":6},"end":{"line":56,"column":56}},"29":{"start":{"line":57,"column":6},"end":{"line":57,"column":18}},"30":{"start":{"line":60,"column":0},"end":{"line":60,"column":null}},"31":{"start":{"line":8,"column":13},"end":{"line":8,"column":33}}},"fnMap":{"0":{"name":"(anonymous_13)","decl":{"start":{"line":8,"column":0},"end":{"line":8,"column":13}},"loc":{"start":{"line":8,"column":0},"end":{"line":60,"column":null}}},"1":{"name":"OutreachOrchestrator","decl":{"start":{"line":15,"column":2},"end":{"line":15,"column":null}},"loc":{"start":{"line":15,"column":2},"end":{"line":21,"column":3}}},"2":{"name":"(anonymous_15)","decl":{"start":{"line":23,"column":2},"end":{"line":23,"column":8}},"loc":{"start":{"line":23,"column":59},"end":{"line":59,"column":null}}}},"branchMap":{"0":{"loc":{"start":{"line":28,"column":28},"end":{"line":28,"column":null}},"type":"if","locations":[{"start":{"line":28,"column":28},"end":{"line":28,"column":null}}]},"1":{"loc":{"start":{"line":30,"column":8},"end":{"line":32,"column":9}},"type":"if","locations":[{"start":{"line":30,"column":8},"end":{"line":32,"column":9}}]},"2":{"loc":{"start":{"line":40,"column":8},"end":{"line":43,"column":9}},"type":"if","locations":[{"start":{"line":40,"column":8},"end":{"line":43,"column":9}}]}},"s":{"0":0,"1":0,"2":0,"3":0,"4":0,"5":0,"6":0,"7":0,"8":0,"9":0,"10":0,"11":0,"12":0,"13":0,"14":0,"15":0,"16":0,"17":0,"18":0,"19":0,"20":0,"21":0,"22":0,"23":0,"24":0,"25":0,"26":0,"27":0,"28":0,"29":0,"30":0,"31":0},"f":{"0":0,"1":0,"2":0},"b":{"0":[0],"1":[0],"2":[0]}}
,"C:\\Users\\brand\\CascadeProjects\\wellconnect-pro\\src\\agents\\performanceAgent.ts": {"path":"C:\\Users\\brand\\CascadeProjects\\wellconnect-pro\\src\\agents\\performanceAgent.ts","statementMap":{"0":{"start":{"line":10,"column":0},"end":{"line":10,"column":13}},"1":{"start":{"line":11,"column":10},"end":{"line":11,"column":53}},"2":{"start":{"line":13,"column":2},"end":{"line":23,"column":null}},"3":{"start":{"line":14,"column":4},"end":{"line":21,"column":5}},"4":{"start":{"line":15,"column":6},"end":{"line":20,"column":8}},"5":{"start":{"line":22,"column":4},"end":{"line":22,"column":42}},"6":{"start":{"line":25,"column":2},"end":{"line":27,"column":null}},"7":{"start":{"line":26,"column":4},"end":{"line":26,"column":44}},"8":{"start":{"line":29,"column":2},"end":{"line":31,"column":null}},"9":{"start":{"line":30,"column":4},"end":{"line":30,"column":45}},"10":{"start":{"line":33,"column":2},"end":{"line":35,"column":null}},"11":{"start":{"line":34,"column":4},"end":{"line":34,"column":47}},"12":{"start":{"line":37,"column":2},"end":{"line":45,"column":null}},"13":{"start":{"line":38,"column":4},"end":{"line":44,"column":8}},"14":{"start":{"line":38,"column":54},"end":{"line":38,"column":56}},"15":{"start":{"line":38,"column":63},"end":{"line":38,"column":64}},"16":{"start":{"line":38,"column":69},"end":{"line":44,"column":7}},"17":{"start":{"line":47,"column":2},"end":{"line":58,"column":null}},"18":{"start":{"line":48,"column":19},"end":{"line":48,"column":46}},"19":{"start":{"line":49,"column":37},"end":{"line":52,"column":27}},"20":{"start":{"line":50,"column":22},"end":{"line":50,"column":58}},"21":{"start":{"line":52,"column":16},"end":{"line":52,"column":27}},"22":{"start":{"line":54,"column":4},"end":{"line":57,"column":6}},"23":{"start":{"line":60,"column":10},"end":{"line":67,"column":null}},"24":{"start":{"line":61,"column":4},"end":{"line":66,"column":8}},"25":{"start":{"line":61,"column":27},"end":{"line":66,"column":7}},"26":{"start":{"line":68,"column":0},"end":{"line":68,"column":null}},"27":{"start":{"line":10,"column":13},"end":{"line":10,"column":29}}},"fnMap":{"0":{"name":"(anonymous_2)","decl":{"start":{"line":10,"column":0},"end":{"line":10,"column":13}},"loc":{"start":{"line":10,"column":0},"end":{"line":68,"column":null}}},"1":{"name":"(anonymous_4)","decl":{"start":{"line":13,"column":2},"end":{"line":13,"column":16}},"loc":{"start":{"line":13,"column":40},"end":{"line":23,"column":3}}},"2":{"name":"(anonymous_5)","decl":{"start":{"line":25,"column":2},"end":{"line":25,"column":18}},"loc":{"start":{"line":25,"column":42},"end":{"line":27,"column":3}}},"3":{"name":"(anonymous_6)","decl":{"start":{"line":29,"column":2},"end":{"line":29,"column":19}},"loc":{"start":{"line":29,"column":43},"end":{"line":31,"column":3}}},"4":{"name":"(anonymous_7)","decl":{"start":{"line":33,"column":2},"end":{"line":33,"column":17}},"loc":{"start":{"line":33,"column":41},"end":{"line":35,"column":3}}},"5":{"name":"(anonymous_8)","decl":{"start":{"line":37,"column":2},"end":{"line":37,"column":22}},"loc":{"start":{"line":37,"column":2},"end":{"line":45,"column":3}}},"6":{"name":"(anonymous_9)","decl":{"start":{"line":38,"column":44},"end":{"line":38,"column":45}},"loc":{"start":{"line":38,"column":64},"end":{"line":38,"column":null}}},"7":{"name":"(anonymous_10)","decl":{"start":{"line":47,"column":2},"end":{"line":47,"column":18}},"loc":{"start":{"line":47,"column":2},"end":{"line":58,"column":3}}},"8":{"name":"(anonymous_11)","decl":{"start":{"line":50,"column":12},"end":{"line":50,"column":13}},"loc":{"start":{"line":50,"column":17},"end":{"line":50,"column":23}}},"9":{"name":"(anonymous_12)","decl":{"start":{"line":52,"column":11},"end":{"line":52,"column":12}},"loc":{"start":{"line":52,"column":12},"end":{"line":52,"column":17}}},"10":{"name":"(anonymous_13)","decl":{"start":{"line":60,"column":2},"end":{"line":60,"column":10}},"loc":{"start":{"line":60,"column":40},"end":{"line":67,"column":3}}},"11":{"name":"(anonymous_14)","decl":{"start":{"line":61,"column":22},"end":{"line":61,"column":23}},"loc":{"start":{"line":61,"column":23},"end":{"line":61,"column":28}}}},"branchMap":{"0":{"loc":{"start":{"line":14,"column":4},"end":{"line":21,"column":5}},"type":"if","locations":[{"start":{"line":14,"column":4},"end":{"line":21,"column":5}}]},"1":{"loc":{"start":{"line":63,"column":22},"end":{"line":65,"column":37}},"type":"cond-expr","locations":[{"start":{"line":64,"column":10},"end":{"line":64,"column":42}},{"start":{"line":65,"column":10},"end":{"line":65,"column":37}}]}},"s":{"0":0,"1":0,"2":0,"3":0,"4":0,"5":0,"6":0,"7":0,"8":0,"9":0,"10":0,"11":0,"12":0,"13":0,"14":0,"15":0,"16":0,"17":0,"18":0,"19":0,"20":0,"21":0,"22":0,"23":0,"24":0,"25":0,"26":0,"27":0},"f":{"0":0,"1":0,"2":0,"3":0,"4":0,"5":0,"6":0,"7":0,"8":0,"9":0,"10":0,"11":0},"b":{"0":[0],"1":[0,0]}}
,"C:\\Users\\brand\\CascadeProjects\\wellconnect-pro\\src\\config\\env.ts": {"path":"C:\\Users\\brand\\CascadeProjects\\wellconnect-pro\\src\\config\\env.ts","statementMap":{"0":{"start":{"line":1,"column":0},"end":{"line":1,"column":24}},"1":{"start":{"line":4,"column":13},"end":{"line":33,"column":3}},"2":{"start":{"line":36,"column":33},"end":{"line":43,"column":1}},"3":{"start":{"line":37,"column":2},"end":{"line":42,"column":3}},"4":{"start":{"line":38,"column":4},"end":{"line":38,"column":46}},"5":{"start":{"line":40,"column":4},"end":{"line":40,"column":63}},"6":{"start":{"line":41,"column":4},"end":{"line":41,"column":67}},"7":{"start":{"line":36,"column":13},"end":{"line":36,"column":33}},"8":{"start":{"line":46,"column":13},"end":{"line":46,"column":45}}},"fnMap":{"0":{"name":"(anonymous_0)","decl":{"start":{"line":36,"column":33},"end":{"line":36,"column":null}},"loc":{"start":{"line":36,"column":33},"end":{"line":43,"column":1}}}},"branchMap":{},"s":{"0":0,"1":0,"2":0,"3":0,"4":0,"5":0,"6":0,"7":0,"8":0},"f":{"0":0},"b":{}}
,"C:\\Users\\brand\\CascadeProjects\\wellconnect-pro\\src\\constants\\errorMessages.ts": {"path":"C:\\Users\\brand\\CascadeProjects\\wellconnect-pro\\src\\constants\\errorMessages.ts","statementMap":{"0":{"start":{"line":3,"column":13},"end":{"line":35,"column":2}},"1":{"start":{"line":37,"column":13},"end":{"line":41,"column":2}},"2":{"start":{"line":43,"column":13},"end":{"line":48,"column":2}}},"fnMap":{},"branchMap":{},"s":{"0":0,"1":0,"2":0},"f":{},"b":{}}
,"C:\\Users\\brand\\CascadeProjects\\wellconnect-pro\\src\\lib\\auth.ts": {"path":"C:\\Users\\brand\\CascadeProjects\\wellconnect-pro\\src\\lib\\auth.ts","statementMap":{"0":{"start":{"line":15,"column":0},"end":{"line":15,"column":16}},"1":{"start":{"line":19,"column":0},"end":{"line":19,"column":16}},"2":{"start":{"line":27,"column":0},"end":{"line":27,"column":16}},"3":{"start":{"line":52,"column":0},"end":{"line":52,"column":16}},"4":{"start":{"line":2,"column":0},"end":{"line":2,"column":28}},"5":{"start":{"line":5,"column":19},"end":{"line":13,"column":2}},"6":{"start":{"line":16,"column":2},"end":{"line":16,"column":68}},"7":{"start":{"line":20,"column":15},"end":{"line":20,"column":54}},"8":{"start":{"line":20,"column":36},"end":{"line":20,"column":54}},"9":{"start":{"line":21,"column":2},"end":{"line":21,"column":25}},"10":{"start":{"line":21,"column":13},"end":{"line":21,"column":25}},"11":{"start":{"line":23,"column":25},"end":{"line":23,"column":47}},"12":{"start":{"line":24,"column":2},"end":{"line":24,"column":60}},"13":{"start":{"line":28,"column":2},"end":{"line":49,"column":4}},"14":{"start":{"line":28,"column":57},"end":{"line":49,"column":4}},"15":{"start":{"line":30,"column":10},"end":{"line":30,"column":49}},"16":{"start":{"line":32,"column":4},"end":{"line":34,"column":5}},"17":{"start":{"line":33,"column":6},"end":{"line":33,"column":72}},"18":{"start":{"line":37,"column":10},"end":{"line":37,"column":30}},"19":{"start":{"line":39,"column":10},"end":{"line":39,"column":51}},"20":{"start":{"line":41,"column":4},"end":{"line":43,"column":5}},"21":{"start":{"line":42,"column":6},"end":{"line":42,"column":68}},"22":{"start":{"line":46,"column":5},"end":{"line":46,"column":29}},"23":{"start":{"line":48,"column":4},"end":{"line":48,"column":29}},"24":{"start":{"line":53,"column":20},"end":{"line":53,"column":30}},"25":{"start":{"line":54,"column":22},"end":{"line":54,"column":60}},"26":{"start":{"line":55,"column":2},"end":{"line":57,"column":19}}},"fnMap":{"0":{"name":"hashPassword","decl":{"start":{"line":15,"column":16},"end":{"line":15,"column":28}},"loc":{"start":{"line":15,"column":45},"end":{"line":17,"column":1}}},"1":{"name":"authenticateUser","decl":{"start":{"line":19,"column":16},"end":{"line":19,"column":32}},"loc":{"start":{"line":19,"column":64},"end":{"line":25,"column":1}}},"2":{"name":"(anonymous_16)","decl":{"start":{"line":20,"column":31},"end":{"line":20,"column":32}},"loc":{"start":{"line":20,"column":32},"end":{"line":20,"column":37}}},"3":{"name":"withAuth","decl":{"start":{"line":27,"column":16},"end":{"line":27,"column":24}},"loc":{"start":{"line":27,"column":101},"end":{"line":50,"column":1}}},"4":{"name":"(anonymous_18)","decl":{"start":{"line":28,"column":9},"end":{"line":28,"column":16}},"loc":{"start":{"line":28,"column":57},"end":{"line":49,"column":4}}},"5":{"name":"(anonymous_19)","decl":{"start":{"line":28,"column":57},"end":{"line":28,"column":null}},"loc":{"start":{"line":28,"column":57},"end":{"line":49,"column":4}}},"6":{"name":"generateApiKey","decl":{"start":{"line":52,"column":16},"end":{"line":52,"column":30}},"loc":{"start":{"line":52,"column":45},"end":{"line":58,"column":1}}}},"branchMap":{"0":{"loc":{"start":{"line":21,"column":2},"end":{"line":21,"column":25}},"type":"if","locations":[{"start":{"line":21,"column":2},"end":{"line":21,"column":25}}]},"1":{"loc":{"start":{"line":24,"column":9},"end":{"line":24,"column":59}},"type":"cond-expr","locations":[{"start":{"line":24,"column":48},"end":{"line":24,"column":52}},{"start":{"line":24,"column":55},"end":{"line":24,"column":59}}]},"2":{"loc":{"start":{"line":32,"column":4},"end":{"line":34,"column":5}},"type":"if","locations":[{"start":{"line":32,"column":4},"end":{"line":34,"column":5}}]},"3":{"loc":{"start":{"line":41,"column":4},"end":{"line":43,"column":5}},"type":"if","locations":[{"start":{"line":41,"column":4},"end":{"line":43,"column":5}}]}},"s":{"0":0,"1":0,"2":0,"3":0,"4":0,"5":0,"6":0,"7":0,"8":0,"9":0,"10":0,"11":0,"12":0,"13":0,"14":0,"15":0,"16":0,"17":0,"18":0,"19":0,"20":0,"21":0,"22":0,"23":0,"24":0,"25":0,"26":0},"f":{"0":0,"1":0,"2":0,"3":0,"4":0,"5":0,"6":0},"b":{"0":[0],"1":[0,0],"2":[0],"3":[0]}}
,"C:\\Users\\brand\\CascadeProjects\\wellconnect-pro\\src\\lib\\performanceOptimizer.ts": {"path":"C:\\Users\\brand\\CascadeProjects\\wellconnect-pro\\src\\lib\\performanceOptimizer.ts","statementMap":{"0":{"start":{"line":1,"column":0},"end":{"line":1,"column":41}},"1":{"start":{"line":2,"column":0},"end":{"line":2,"column":38}},"2":{"start":{"line":11,"column":0},"end":{"line":11,"column":13}},"3":{"start":{"line":16,"column":9},"end":{"line":39,"column":null}},"4":{"start":{"line":16,"column":2},"end":{"line":16,"column":9}},"5":{"start":{"line":17,"column":22},"end":{"line":17,"column":39}},"6":{"start":{"line":18,"column":4},"end":{"line":18,"column":48}},"7":{"start":{"line":20,"column":4},"end":{"line":38,"column":9}},"8":{"start":{"line":22,"column":24},"end":{"line":22,"column":41}},"9":{"start":{"line":23,"column":23},"end":{"line":23,"column":45}},"10":{"start":{"line":24,"column":8},"end":{"line":32,"column":9}},"11":{"start":{"line":25,"column":10},"end":{"line":25,"column":35}},"12":{"start":{"line":26,"column":10},"end":{"line":26,"column":48}},"13":{"start":{"line":28,"column":10},"end":{"line":31,"column":13}},"14":{"start":{"line":33,"column":8},"end":{"line":33,"column":22}},"15":{"start":{"line":36,"column":8},"end":{"line":36,"column":69}},"16":{"start":{"line":37,"column":8},"end":{"line":37,"column":20}},"17":{"start":{"line":42,"column":9},"end":{"line":57,"column":null}},"18":{"start":{"line":42,"column":2},"end":{"line":42,"column":9}},"19":{"start":{"line":42,"column":55},"end":{"line":42,"column":null}},"20":{"start":{"line":43,"column":25},"end":{"line":43,"column":49}},"21":{"start":{"line":44,"column":24},"end":{"line":44,"column":34}},"22":{"start":{"line":46,"column":4},"end":{"line":48,"column":5}},"23":{"start":{"line":47,"column":6},"end":{"line":47,"column":49}},"24":{"start":{"line":50,"column":4},"end":{"line":56,"column":7}},"25":{"start":{"line":51,"column":6},"end":{"line":54,"column":9}},"26":{"start":{"line":55,"column":6},"end":{"line":55,"column":20}},"27":{"start":{"line":60,"column":9},"end":{"line":104,"column":null}},"28":{"start":{"line":62,"column":4},"end":{"line":62,"column":null}},"29":{"start":{"line":63,"column":4},"end":{"line":63,"column":null}},"30":{"start":{"line":65,"column":19},"end":{"line":65,"column":20}},"31":{"start":{"line":66,"column":26},"end":{"line":66,"column":27}},"32":{"start":{"line":68,"column":4},"end":{"line":103,"column":7}},"33":{"start":{"line":69,"column":26},"end":{"line":100,"column":7}},"34":{"start":{"line":70,"column":28},"end":{"line":70,"column":38}},"35":{"start":{"line":73,"column":8},"end":{"line":77,"column":9}},"36":{"start":{"line":75,"column":10},"end":{"line":75,"column":66}},"37":{"start":{"line":76,"column":10},"end":{"line":76,"column":17}},"38":{"start":{"line":79,"column":8},"end":{"line":99,"column":13}},"39":{"start":{"line":82,"column":12},"end":{"line":82,"column":25}},"40":{"start":{"line":83,"column":12},"end":{"line":83,"column":28}},"41":{"start":{"line":86,"column":12},"end":{"line":86,"column":23}},"42":{"start":{"line":87,"column":12},"end":{"line":87,"column":41}},"43":{"start":{"line":89,"column":12},"end":{"line":92,"column":15}},"44":{"start":{"line":94,"column":12},"end":{"line":96,"column":13}},"45":{"start":{"line":95,"column":14},"end":{"line":95,"column":67}},"46":{"start":{"line":98,"column":12},"end":{"line":98,"column":26}},"47":{"start":{"line":102,"column":6},"end":{"line":102,"column":20}},"48":{"start":{"line":107,"column":9},"end":{"line":109,"column":null}},"49":{"start":{"line":108,"column":4},"end":{"line":108,"column":45}},"50":{"start":{"line":112,"column":9},"end":{"line":114,"column":null}},"51":{"start":{"line":113,"column":4},"end":{"line":113,"column":25}},"52":{"start":{"line":12,"column":17},"end":{"line":12,"column":69}},"53":{"start":{"line":13,"column":17},"end":{"line":13,"column":58}},"54":{"start":{"line":115,"column":0},"end":{"line":115,"column":null}},"55":{"start":{"line":11,"column":13},"end":{"line":11,"column":33}}},"fnMap":{"0":{"name":"(anonymous_0)","decl":{"start":{"line":11,"column":0},"end":{"line":11,"column":13}},"loc":{"start":{"line":11,"column":0},"end":{"line":11,"column":13}}},"1":{"name":"(anonymous_2)","decl":{"start":{"line":16,"column":2},"end":{"line":16,"column":9}},"loc":{"start":{"line":16,"column":54},"end":{"line":39,"column":3}}},"2":{"name":"(anonymous_3)","decl":{"start":{"line":21,"column":12},"end":{"line":21,"column":13}},"loc":{"start":{"line":21,"column":19},"end":{"line":34,"column":7}}},"3":{"name":"(anonymous_4)","decl":{"start":{"line":35,"column":13},"end":{"line":35,"column":14}},"loc":{"start":{"line":35,"column":19},"end":{"line":38,"column":7}}},"4":{"name":"(anonymous_5)","decl":{"start":{"line":42,"column":2},"end":{"line":42,"column":9}},"loc":{"start":{"line":42,"column":75},"end":{"line":57,"column":3}}},"5":{"name":"(anonymous_6)","decl":{"start":{"line":50,"column":21},"end":{"line":50,"column":22}},"loc":{"start":{"line":50,"column":28},"end":{"line":56,"column":5}}},"6":{"name":"(anonymous_7)","decl":{"start":{"line":60,"column":2},"end":{"line":60,"column":9}},"loc":{"start":{"line":63,"column":32},"end":{"line":104,"column":3}}},"7":{"name":"(anonymous_8)","decl":{"start":{"line":68,"column":23},"end":{"line":68,"column":24}},"loc":{"start":{"line":68,"column":39},"end":{"line":103,"column":5}}},"8":{"name":"(anonymous_9)","decl":{"start":{"line":69,"column":26},"end":{"line":69,"column":null}},"loc":{"start":{"line":69,"column":26},"end":{"line":100,"column":7}}},"9":{"name":"(anonymous_10)","decl":{"start":{"line":80,"column":16},"end":{"line":80,"column":17}},"loc":{"start":{"line":80,"column":23},"end":{"line":84,"column":11}}},"10":{"name":"(anonymous_11)","decl":{"start":{"line":85,"column":17},"end":{"line":85,"column":18}},"loc":{"start":{"line":85,"column":23},"end":{"line":99,"column":11}}},"11":{"name":"(anonymous_12)","decl":{"start":{"line":107,"column":2},"end":{"line":107,"column":9}},"loc":{"start":{"line":107,"column":2},"end":{"line":109,"column":3}}},"12":{"name":"(anonymous_13)","decl":{"start":{"line":112,"column":2},"end":{"line":112,"column":9}},"loc":{"start":{"line":112,"column":2},"end":{"line":114,"column":3}}}},"branchMap":{"0":{"loc":{"start":{"line":24,"column":8},"end":{"line":32,"column":9}},"type":"if","locations":[{"start":{"line":24,"column":8},"end":{"line":32,"column":9}}]},"1":{"loc":{"start":{"line":42,"column":55},"end":{"line":42,"column":null}},"type":"if","locations":[{"start":{"line":42,"column":55},"end":{"line":42,"column":null}}]},"2":{"loc":{"start":{"line":46,"column":4},"end":{"line":48,"column":5}},"type":"if","locations":[{"start":{"line":46,"column":4},"end":{"line":48,"column":5}}]},"3":{"loc":{"start":{"line":46,"column":8},"end":{"line":46,"column":66}},"type":"binary-expr","locations":[{"start":{"line":46,"column":8},"end":{"line":46,"column":20}},{"start":{"line":46,"column":24},"end":{"line":46,"column":66}}]},"4":{"loc":{"start":{"line":62,"column":4},"end":{"line":62,"column":null}},"type":"if","locations":[{"start":{"line":62,"column":4},"end":{"line":62,"column":null}}]},"5":{"loc":{"start":{"line":63,"column":4},"end":{"line":63,"column":null}},"type":"if","locations":[{"start":{"line":63,"column":4},"end":{"line":63,"column":null}}]},"6":{"loc":{"start":{"line":73,"column":8},"end":{"line":77,"column":9}},"type":"if","locations":[{"start":{"line":73,"column":8},"end":{"line":77,"column":9}}]},"7":{"loc":{"start":{"line":73,"column":12},"end":{"line":74,"column":56}},"type":"binary-expr","locations":[{"start":{"line":73,"column":12},"end":{"line":73,"column":40}},{"start":{"line":74,"column":12},"end":{"line":74,"column":56}}]},"8":{"loc":{"start":{"line":94,"column":12},"end":{"line":96,"column":13}},"type":"if","locations":[{"start":{"line":94,"column":12},"end":{"line":96,"column":13}}]}},"s":{"0":0,"1":0,"2":0,"3":0,"4":0,"5":0,"6":0,"7":0,"8":0,"9":0,"10":0,"11":0,"12":0,"13":0,"14":0,"15":0,"16":0,"17":0,"18":0,"19":0,"20":0,"21":0,"22":0,"23":0,"24":0,"25":0,"26":0,"27":0,"28":0,"29":0,"30":0,"31":0,"32":0,"33":0,"34":0,"35":0,"36":0,"37":0,"38":0,"39":0,"40":0,"41":0,"42":0,"43":0,"44":0,"45":0,"46":0,"47":0,"48":0,"49":0,"50":0,"51":0,"52":0,"53":0,"54":0,"55":0},"f":{"0":0,"1":0,"2":0,"3":0,"4":0,"5":0,"6":0,"7":0,"8":0,"9":0,"10":0,"11":0,"12":0},"b":{"0":[0],"1":[0],"2":[0],"3":[0,0],"4":[0],"5":[0],"6":[0],"7":[0,0],"8":[0]}}
,"C:\\Users\\brand\\CascadeProjects\\wellconnect-pro\\src\\lib\\securityHardener.ts": {"path":"C:\\Users\\brand\\CascadeProjects\\wellconnect-pro\\src\\lib\\securityHardener.ts","statementMap":{"0":{"start":{"line":1,"column":0},"end":{"line":1,"column":28}},"1":{"start":{"line":2,"column":0},"end":{"line":2,"column":38}},"2":{"start":{"line":4,"column":0},"end":{"line":4,"column":13}},"3":{"start":{"line":6,"column":9},"end":{"line":8,"column":null}},"4":{"start":{"line":6,"column":29},"end":{"line":6,"column":null}},"5":{"start":{"line":7,"column":4},"end":{"line":7,"column":54}},"6":{"start":{"line":11,"column":9},"end":{"line":22,"column":null}},"7":{"start":{"line":12,"column":26},"end":{"line":12,"column":72}},"8":{"start":{"line":13,"column":17},"end":{"line":19,"column":21}},"9":{"start":{"line":21,"column":4},"end":{"line":21,"column":41}},"10":{"start":{"line":25,"column":9},"end":{"line":35,"column":null}},"11":{"start":{"line":30,"column":21},"end":{"line":30,"column":58}},"12":{"start":{"line":31,"column":4},"end":{"line":34,"column":6}},"13":{"start":{"line":38,"column":9},"end":{"line":45,"column":null}},"14":{"start":{"line":39,"column":4},"end":{"line":44,"column":32}},"15":{"start":{"line":48,"column":9},"end":{"line":83,"column":null}},"16":{"start":{"line":49,"column":4},"end":{"line":49,"column":null}},"17":{"start":{"line":50,"column":4},"end":{"line":50,"column":null}},"18":{"start":{"line":52,"column":24},"end":{"line":52,"column":79}},"19":{"start":{"line":54,"column":4},"end":{"line":82,"column":6}},"20":{"start":{"line":55,"column":29},"end":{"line":55,"column":45}},"21":{"start":{"line":57,"column":6},"end":{"line":79,"column":8}},"22":{"start":{"line":57,"column":34},"end":{"line":57,"column":48}},"23":{"start":{"line":58,"column":20},"end":{"line":60,"column":24}},"24":{"start":{"line":62,"column":20},"end":{"line":62,"column":30}},"25":{"start":{"line":63,"column":23},"end":{"line":63,"column":43}},"26":{"start":{"line":65,"column":8},"end":{"line":76,"column":9}},"27":{"start":{"line":66,"column":10},"end":{"line":69,"column":11}},"28":{"start":{"line":67,"column":12},"end":{"line":67,"column":56}},"29":{"start":{"line":68,"column":12},"end":{"line":68,"column":60}},"30":{"start":{"line":70,"column":10},"end":{"line":70,"column":25}},"31":{"start":{"line":72,"column":10},"end":{"line":75,"column":13}},"32":{"start":{"line":78,"column":8},"end":{"line":78,"column":48}},"33":{"start":{"line":81,"column":6},"end":{"line":81,"column":24}},"34":{"start":{"line":86,"column":9},"end":{"line":98,"column":null}},"35":{"start":{"line":87,"column":15},"end":{"line":87,"column":37}},"36":{"start":{"line":88,"column":19},"end":{"line":91,"column":null}},"37":{"start":{"line":94,"column":20},"end":{"line":94,"column":54}},"38":{"start":{"line":95,"column":4},"end":{"line":95,"column":37}},"39":{"start":{"line":97,"column":4},"end":{"line":97,"column":48}},"40":{"start":{"line":101,"column":9},"end":{"line":115,"column":null}},"41":{"start":{"line":102,"column":34},"end":{"line":102,"column":58}},"42":{"start":{"line":102,"column":16},"end":{"line":102,"column":18}},"43":{"start":{"line":102,"column":30},"end":{"line":102,"column":34}},"44":{"start":{"line":103,"column":15},"end":{"line":103,"column":40}},"45":{"start":{"line":105,"column":21},"end":{"line":108,"column":null}},"46":{"start":{"line":111,"column":20},"end":{"line":111,"column":64}},"47":{"start":{"line":112,"column":4},"end":{"line":112,"column":40}},"48":{"start":{"line":114,"column":4},"end":{"line":114,"column":21}},"49":{"start":{"line":118,"column":9},"end":{"line":145,"column":null}},"50":{"start":{"line":119,"column":28},"end":{"line":119,"column":30}},"51":{"start":{"line":121,"column":33},"end":{"line":124,"column":6}},"52":{"start":{"line":126,"column":24},"end":{"line":130,"column":6}},"53":{"start":{"line":132,"column":4},"end":{"line":136,"column":7}},"54":{"start":{"line":133,"column":6},"end":{"line":135,"column":7}},"55":{"start":{"line":134,"column":8},"end":{"line":134,"column":65}},"56":{"start":{"line":138,"column":4},"end":{"line":142,"column":7}},"57":{"start":{"line":139,"column":6},"end":{"line":141,"column":7}},"58":{"start":{"line":140,"column":8},"end":{"line":140,"column":62}},"59":{"start":{"line":144,"column":4},"end":{"line":144,"column":17}},"60":{"start":{"line":146,"column":0},"end":{"line":146,"column":null}},"61":{"start":{"line":4,"column":13},"end":{"line":4,"column":29}}},"fnMap":{"0":{"name":"(anonymous_1)","decl":{"start":{"line":4,"column":0},"end":{"line":4,"column":13}},"loc":{"start":{"line":4,"column":0},"end":{"line":146,"column":null}}},"1":{"name":"(anonymous_3)","decl":{"start":{"line":6,"column":2},"end":{"line":6,"column":9}},"loc":{"start":{"line":6,"column":48},"end":{"line":8,"column":3}}},"2":{"name":"(anonymous_4)","decl":{"start":{"line":11,"column":2},"end":{"line":11,"column":9}},"loc":{"start":{"line":11,"column":45},"end":{"line":22,"column":3}}},"3":{"name":"(anonymous_5)","decl":{"start":{"line":25,"column":2},"end":{"line":25,"column":9}},"loc":{"start":{"line":28,"column":22},"end":{"line":35,"column":3}}},"4":{"name":"(anonymous_6)","decl":{"start":{"line":38,"column":2},"end":{"line":38,"column":9}},"loc":{"start":{"line":38,"column":36},"end":{"line":45,"column":3}}},"5":{"name":"(anonymous_7)","decl":{"start":{"line":48,"column":2},"end":{"line":48,"column":9}},"loc":{"start":{"line":50,"column":28},"end":{"line":83,"column":3}}},"6":{"name":"(anonymous_8)","decl":{"start":{"line":54,"column":11},"end":{"line":54,"column":12}},"loc":{"start":{"line":54,"column":76},"end":{"line":82,"column":5}}},"7":{"name":"(anonymous_9)","decl":{"start":{"line":57,"column":25},"end":{"line":57,"column":34}},"loc":{"start":{"line":57,"column":25},"end":{"line":79,"column":7}}},"8":{"name":"(anonymous_10)","decl":{"start":{"line":86,"column":2},"end":{"line":86,"column":9}},"loc":{"start":{"line":86,"column":48},"end":{"line":98,"column":3}}},"9":{"name":"(anonymous_11)","decl":{"start":{"line":101,"column":2},"end":{"line":101,"column":9}},"loc":{"start":{"line":101,"column":57},"end":{"line":115,"column":3}}},"10":{"name":"(anonymous_12)","decl":{"start":{"line":118,"column":2},"end":{"line":118,"column":9}},"loc":{"start":{"line":118,"column":43},"end":{"line":145,"column":3}}},"11":{"name":"(anonymous_13)","decl":{"start":{"line":132,"column":33},"end":{"line":132,"column":40}},"loc":{"start":{"line":132,"column":40},"end":{"line":136,"column":5}}},"12":{"name":"(anonymous_14)","decl":{"start":{"line":138,"column":24},"end":{"line":138,"column":31}},"loc":{"start":{"line":138,"column":31},"end":{"line":142,"column":5}}}},"branchMap":{"0":{"loc":{"start":{"line":6,"column":29},"end":{"line":6,"column":null}},"type":"if","locations":[{"start":{"line":6,"column":29},"end":{"line":6,"column":null}}]},"1":{"loc":{"start":{"line":12,"column":26},"end":{"line":12,"column":72}},"type":"binary-expr","locations":[{"start":{"line":12,"column":26},"end":{"line":12,"column":30}},{"start":{"line":12,"column":34},"end":{"line":12,"column":72}}]},"2":{"loc":{"start":{"line":49,"column":4},"end":{"line":49,"column":null}},"type":"if","locations":[{"start":{"line":49,"column":4},"end":{"line":49,"column":null}}]},"3":{"loc":{"start":{"line":50,"column":4},"end":{"line":50,"column":null}},"type":"if","locations":[{"start":{"line":50,"column":4},"end":{"line":50,"column":null}}]},"4":{"loc":{"start":{"line":65,"column":8},"end":{"line":76,"column":9}},"type":"if","locations":[{"start":{"line":65,"column":8},"end":{"line":76,"column":9}},{"start":{"line":71,"column":15},"end":{"line":76,"column":9}}]},"5":{"loc":{"start":{"line":65,"column":12},"end":{"line":65,"column":44}},"type":"binary-expr","locations":[{"start":{"line":65,"column":12},"end":{"line":65,"column":18}},{"start":{"line":65,"column":22},"end":{"line":65,"column":44}}]},"6":{"loc":{"start":{"line":66,"column":10},"end":{"line":69,"column":11}},"type":"if","locations":[{"start":{"line":66,"column":10},"end":{"line":69,"column":11}}]},"7":{"loc":{"start":{"line":133,"column":6},"end":{"line":135,"column":7}},"type":"if","locations":[{"start":{"line":133,"column":6},"end":{"line":135,"column":7}}]},"8":{"loc":{"start":{"line":139,"column":6},"end":{"line":141,"column":7}},"type":"if","locations":[{"start":{"line":139,"column":6},"end":{"line":141,"column":7}}]}},"s":{"0":0,"1":0,"2":0,"3":0,"4":0,"5":0,"6":0,"7":0,"8":0,"9":0,"10":0,"11":0,"12":0,"13":0,"14":0,"15":0,"16":0,"17":0,"18":0,"19":0,"20":0,"21":0,"22":0,"23":0,"24":0,"25":0,"26":0,"27":0,"28":0,"29":0,"30":0,"31":0,"32":0,"33":0,"34":0,"35":0,"36":0,"37":0,"38":0,"39":0,"40":0,"41":0,"42":0,"43":0,"44":0,"45":0,"46":0,"47":0,"48":0,"49":0,"50":0,"51":0,"52":0,"53":0,"54":0,"55":0,"56":0,"57":0,"58":0,"59":0,"60":0,"61":0},"f":{"0":0,"1":0,"2":0,"3":0,"4":0,"5":0,"6":0,"7":0,"8":0,"9":0,"10":0,"11":0,"12":0},"b":{"0":[0],"1":[0,0],"2":[0],"3":[0],"4":[0,0],"5":[0,0],"6":[0],"7":[0],"8":[0]}}
,"C:\\Users\\brand\\CascadeProjects\\wellconnect-pro\\src\\lib\\validations.ts": {"path":"C:\\Users\\brand\\CascadeProjects\\wellconnect-pro\\src\\lib\\validations.ts","statementMap":{"0":{"start":{"line":1,"column":0},"end":{"line":1,"column":25}},"1":{"start":{"line":3,"column":13},"end":{"line":8,"column":3}},"2":{"start":{"line":10,"column":13},"end":{"line":16,"column":3}}},"fnMap":{},"branchMap":{},"s":{"0":0,"1":0,"2":0},"f":{},"b":{}}
,"C:\\Users\\brand\\CascadeProjects\\wellconnect-pro\\src\\lib\\agents\\BaseAgent.ts": {"path":"C:\\Users\\brand\\CascadeProjects\\wellconnect-pro\\src\\lib\\agents\\BaseAgent.ts","statementMap":{"0":{"start":{"line":1,"column":0},"end":{"line":1,"column":38}},"1":{"start":{"line":9,"column":0},"end":{"line":9,"column":null}},"2":{"start":{"line":9,"column":40},"end":{"line":9,"column":52}},"3":{"start":{"line":14,"column":4},"end":{"line":14,"column":12}},"4":{"start":{"line":11,"column":12},"end":{"line":11,"column":44}},"5":{"start":{"line":15,"column":4},"end":{"line":15,"column":25}},"6":{"start":{"line":24,"column":2},"end":{"line":26,"column":null}},"7":{"start":{"line":25,"column":4},"end":{"line":25,"column":36}},"8":{"start":{"line":28,"column":2},"end":{"line":30,"column":null}},"9":{"start":{"line":29,"column":4},"end":{"line":29,"column":57}},"10":{"start":{"line":32,"column":2},"end":{"line":35,"column":null}},"11":{"start":{"line":33,"column":4},"end":{"line":33,"column":28}},"12":{"start":{"line":34,"column":4},"end":{"line":34,"column":46}},"13":{"start":{"line":37,"column":2},"end":{"line":39,"column":null}},"14":{"start":{"line":38,"column":4},"end":{"line":38,"column":27}},"15":{"start":{"line":42,"column":8},"end":{"line":45,"column":null}},"16":{"start":{"line":44,"column":4},"end":{"line":44,"column":46}},"17":{"start":{"line":47,"column":8},"end":{"line":51,"column":null}},"18":{"start":{"line":49,"column":4},"end":{"line":49,"column":72}},"19":{"start":{"line":50,"column":4},"end":{"line":50,"column":60}},"20":{"start":{"line":52,"column":0},"end":{"line":52,"column":null}},"21":{"start":{"line":9,"column":22},"end":{"line":9,"column":31}}},"fnMap":{"0":{"name":"(anonymous_19)","decl":{"start":{"line":9,"column":0},"end":{"line":9,"column":22}},"loc":{"start":{"line":9,"column":0},"end":{"line":52,"column":null}}},"1":{"name":"BaseAgent","decl":{"start":{"line":13,"column":2},"end":{"line":13,"column":14}},"loc":{"start":{"line":13,"column":33},"end":{"line":16,"column":3}}},"2":{"name":"(anonymous_21)","decl":{"start":{"line":24,"column":2},"end":{"line":24,"column":17}},"loc":{"start":{"line":24,"column":2},"end":{"line":26,"column":3}}},"3":{"name":"(anonymous_22)","decl":{"start":{"line":28,"column":2},"end":{"line":28,"column":15}},"loc":{"start":{"line":28,"column":34},"end":{"line":30,"column":3}}},"4":{"name":"(anonymous_23)","decl":{"start":{"line":32,"column":2},"end":{"line":32,"column":10}},"loc":{"start":{"line":32,"column":34},"end":{"line":35,"column":3}}},"5":{"name":"(anonymous_24)","decl":{"start":{"line":37,"column":2},"end":{"line":37,"column":10}},"loc":{"start":{"line":37,"column":22},"end":{"line":39,"column":3}}},"6":{"name":"(anonymous_25)","decl":{"start":{"line":42,"column":2},"end":{"line":42,"column":8}},"loc":{"start":{"line":42,"column":56},"end":{"line":45,"column":null}}},"7":{"name":"(anonymous_28)","decl":{"start":{"line":47,"column":2},"end":{"line":47,"column":8}},"loc":{"start":{"line":47,"column":47},"end":{"line":51,"column":null}}}},"branchMap":{"0":{"loc":{"start":{"line":14,"column":4},"end":{"line":14,"column":12}},"type":"binary-expr","locations":[{"start":{"line":14,"column":4},"end":{"line":14,"column":11}},{"start":{"line":14,"column":11},"end":{"line":14,"column":12}}]}},"s":{"0":0,"1":0,"2":0,"3":0,"4":0,"5":0,"6":0,"7":0,"8":0,"9":0,"10":0,"11":0,"12":0,"13":0,"14":0,"15":0,"16":0,"17":0,"18":0,"19":0,"20":0,"21":0},"f":{"0":0,"1":0,"2":0,"3":0,"4":0,"5":0,"6":0,"7":0},"b":{"0":[0,0]}}
,"C:\\Users\\brand\\CascadeProjects\\wellconnect-pro\\src\\lib\\agents\\ComplianceAgent.ts": {"path":"C:\\Users\\brand\\CascadeProjects\\wellconnect-pro\\src\\lib\\agents\\ComplianceAgent.ts","statementMap":{"0":{"start":{"line":1,"column":0},"end":{"line":1,"column":53}},"1":{"start":{"line":3,"column":0},"end":{"line":3,"column":null}},"2":{"start":{"line":3,"column":37},"end":{"line":3,"column":46}},"3":{"start":{"line":12,"column":4},"end":{"line":19,"column":7}},"4":{"start":{"line":4,"column":10},"end":{"line":4,"column":46}},"5":{"start":{"line":5,"column":10},"end":{"line":9,"column":4}},"6":{"start":{"line":22,"column":8},"end":{"line":29,"column":null}},"7":{"start":{"line":24,"column":4},"end":{"line":28,"column":7}},"8":{"start":{"line":31,"column":8},"end":{"line":45,"column":null}},"9":{"start":{"line":35,"column":4},"end":{"line":44,"column":5}},"10":{"start":{"line":37,"column":8},"end":{"line":37,"column":53}},"11":{"start":{"line":39,"column":8},"end":{"line":39,"column":47}},"12":{"start":{"line":41,"column":8},"end":{"line":41,"column":48}},"13":{"start":{"line":43,"column":8},"end":{"line":43,"column":57}},"14":{"start":{"line":47,"column":16},"end":{"line":58,"column":null}},"15":{"start":{"line":48,"column":10},"end":{"line":52,"column":6}},"16":{"start":{"line":54,"column":4},"end":{"line":57,"column":6}},"17":{"start":{"line":55,"column":56},"end":{"line":55,"column":62}},"18":{"start":{"line":60,"column":16},"end":{"line":72,"column":null}},"19":{"start":{"line":61,"column":4},"end":{"line":67,"column":5}},"20":{"start":{"line":62,"column":6},"end":{"line":62,"column":33}},"21":{"start":{"line":63,"column":6},"end":{"line":66,"column":8}},"22":{"start":{"line":68,"column":4},"end":{"line":71,"column":6}},"23":{"start":{"line":74,"column":16},"end":{"line":88,"column":null}},"24":{"start":{"line":76,"column":4},"end":{"line":81,"column":5}},"25":{"start":{"line":77,"column":6},"end":{"line":80,"column":8}},"26":{"start":{"line":84,"column":4},"end":{"line":87,"column":6}},"27":{"start":{"line":90,"column":10},"end":{"line":94,"column":null}},"28":{"start":{"line":93,"column":4},"end":{"line":93,"column":16}},"29":{"start":{"line":96,"column":2},"end":{"line":107,"column":null}},"30":{"start":{"line":97,"column":4},"end":{"line":106,"column":5}},"31":{"start":{"line":99,"column":8},"end":{"line":99,"column":68}},"32":{"start":{"line":100,"column":8},"end":{"line":100,"column":14}},"33":{"start":{"line":102,"column":8},"end":{"line":102,"column":68}},"34":{"start":{"line":103,"column":8},"end":{"line":103,"column":14}},"35":{"start":{"line":105,"column":8},"end":{"line":105,"column":60}},"36":{"start":{"line":108,"column":0},"end":{"line":108,"column":null}},"37":{"start":{"line":3,"column":13},"end":{"line":3,"column":28}}},"fnMap":{"0":{"name":"(anonymous_21)","decl":{"start":{"line":3,"column":0},"end":{"line":3,"column":13}},"loc":{"start":{"line":3,"column":0},"end":{"line":108,"column":null}}},"1":{"name":"ComplianceAgent","decl":{"start":{"line":11,"column":2},"end":{"line":11,"column":14}},"loc":{"start":{"line":11,"column":33},"end":{"line":20,"column":3}}},"2":{"name":"(anonymous_23)","decl":{"start":{"line":22,"column":2},"end":{"line":22,"column":8}},"loc":{"start":{"line":22,"column":2},"end":{"line":29,"column":null}}},"3":{"name":"(anonymous_26)","decl":{"start":{"line":31,"column":2},"end":{"line":31,"column":8}},"loc":{"start":{"line":34,"column":3},"end":{"line":45,"column":null}}},"4":{"name":"(anonymous_29)","decl":{"start":{"line":47,"column":2},"end":{"line":47,"column":16}},"loc":{"start":{"line":47,"column":53},"end":{"line":58,"column":null}}},"5":{"name":"(anonymous_32)","decl":{"start":{"line":55,"column":47},"end":{"line":55,"column":52}},"loc":{"start":{"line":55,"column":52},"end":{"line":55,"column":61}}},"6":{"name":"(anonymous_33)","decl":{"start":{"line":60,"column":2},"end":{"line":60,"column":16}},"loc":{"start":{"line":60,"column":44},"end":{"line":72,"column":null}}},"7":{"name":"(anonymous_36)","decl":{"start":{"line":74,"column":2},"end":{"line":74,"column":16}},"loc":{"start":{"line":74,"column":48},"end":{"line":88,"column":null}}},"8":{"name":"(anonymous_39)","decl":{"start":{"line":90,"column":2},"end":{"line":90,"column":10}},"loc":{"start":{"line":90,"column":45},"end":{"line":94,"column":3}}},"9":{"name":"(anonymous_40)","decl":{"start":{"line":96,"column":2},"end":{"line":96,"column":13}},"loc":{"start":{"line":96,"column":45},"end":{"line":107,"column":3}}}},"branchMap":{"0":{"loc":{"start":{"line":12,"column":4},"end":{"line":19,"column":7}},"type":"binary-expr","locations":[{"start":{"line":12,"column":4},"end":{"line":18,"column":null}},{"start":{"line":19,"column":6},"end":{"line":19,"column":7}}]},"1":{"loc":{"start":{"line":35,"column":4},"end":{"line":44,"column":5}},"type":"switch","locations":[{"start":{"line":36,"column":6},"end":{"line":37,"column":53}},{"start":{"line":38,"column":6},"end":{"line":39,"column":47}},{"start":{"line":40,"column":6},"end":{"line":41,"column":48}},{"start":{"line":42,"column":6},"end":{"line":43,"column":57}}]},"2":{"loc":{"start":{"line":61,"column":4},"end":{"line":67,"column":5}},"type":"if","locations":[{"start":{"line":61,"column":4},"end":{"line":67,"column":5}}]},"3":{"loc":{"start":{"line":76,"column":4},"end":{"line":81,"column":5}},"type":"if","locations":[{"start":{"line":76,"column":4},"end":{"line":81,"column":5}}]},"4":{"loc":{"start":{"line":97,"column":4},"end":{"line":106,"column":5}},"type":"switch","locations":[{"start":{"line":98,"column":6},"end":{"line":100,"column":14}},{"start":{"line":101,"column":6},"end":{"line":103,"column":14}},{"start":{"line":104,"column":6},"end":{"line":105,"column":60}}]}},"s":{"0":0,"1":0,"2":0,"3":0,"4":0,"5":0,"6":0,"7":0,"8":0,"9":0,"10":0,"11":0,"12":0,"13":0,"14":0,"15":0,"16":0,"17":0,"18":0,"19":0,"20":0,"21":0,"22":0,"23":0,"24":0,"25":0,"26":0,"27":0,"28":0,"29":0,"30":0,"31":0,"32":0,"33":0,"34":0,"35":0,"36":0,"37":0},"f":{"0":0,"1":0,"2":0,"3":0,"4":0,"5":0,"6":0,"7":0,"8":0,"9":0},"b":{"0":[0,0],"1":[0,0,0,0],"2":[0],"3":[0],"4":[0,0,0]}}
,"C:\\Users\\brand\\CascadeProjects\\wellconnect-pro\\src\\lib\\agents\\ContentGenerationAgent.ts": {"path":"C:\\Users\\brand\\CascadeProjects\\wellconnect-pro\\src\\lib\\agents\\ContentGenerationAgent.ts","statementMap":{"0":{"start":{"line":1,"column":0},"end":{"line":1,"column":53}},"1":{"start":{"line":3,"column":0},"end":{"line":3,"column":null}},"2":{"start":{"line":3,"column":44},"end":{"line":3,"column":53}},"3":{"start":{"line":5,"column":4},"end":{"line":12,"column":7}},"4":{"start":{"line":15,"column":8},"end":{"line":22,"column":null}},"5":{"start":{"line":17,"column":4},"end":{"line":21,"column":7}},"6":{"start":{"line":24,"column":8},"end":{"line":38,"column":null}},"7":{"start":{"line":28,"column":4},"end":{"line":37,"column":5}},"8":{"start":{"line":30,"column":8},"end":{"line":30,"column":54}},"9":{"start":{"line":32,"column":8},"end":{"line":32,"column":51}},"10":{"start":{"line":34,"column":8},"end":{"line":34,"column":45}},"11":{"start":{"line":36,"column":8},"end":{"line":36,"column":65}},"12":{"start":{"line":40,"column":16},"end":{"line":55,"column":null}},"13":{"start":{"line":42,"column":4},"end":{"line":54,"column":6}},"14":{"start":{"line":57,"column":16},"end":{"line":63,"column":null}},"15":{"start":{"line":59,"column":4},"end":{"line":62,"column":6}},"16":{"start":{"line":65,"column":16},"end":{"line":71,"column":null}},"17":{"start":{"line":67,"column":4},"end":{"line":70,"column":6}},"18":{"start":{"line":73,"column":2},"end":{"line":84,"column":null}},"19":{"start":{"line":74,"column":4},"end":{"line":83,"column":5}},"20":{"start":{"line":76,"column":8},"end":{"line":76,"column":69}},"21":{"start":{"line":77,"column":8},"end":{"line":77,"column":14}},"22":{"start":{"line":79,"column":8},"end":{"line":79,"column":63}},"23":{"start":{"line":80,"column":8},"end":{"line":80,"column":14}},"24":{"start":{"line":82,"column":8},"end":{"line":82,"column":60}},"25":{"start":{"line":85,"column":0},"end":{"line":85,"column":null}},"26":{"start":{"line":3,"column":13},"end":{"line":3,"column":35}}},"fnMap":{"0":{"name":"(anonymous_21)","decl":{"start":{"line":3,"column":0},"end":{"line":3,"column":13}},"loc":{"start":{"line":3,"column":0},"end":{"line":85,"column":null}}},"1":{"name":"ContentGenerationAgent","decl":{"start":{"line":4,"column":2},"end":{"line":4,"column":14}},"loc":{"start":{"line":4,"column":33},"end":{"line":13,"column":3}}},"2":{"name":"(anonymous_23)","decl":{"start":{"line":15,"column":2},"end":{"line":15,"column":8}},"loc":{"start":{"line":15,"column":2},"end":{"line":22,"column":null}}},"3":{"name":"(anonymous_26)","decl":{"start":{"line":24,"column":2},"end":{"line":24,"column":8}},"loc":{"start":{"line":27,"column":3},"end":{"line":38,"column":null}}},"4":{"name":"(anonymous_29)","decl":{"start":{"line":40,"column":2},"end":{"line":40,"column":16}},"loc":{"start":{"line":40,"column":50},"end":{"line":55,"column":null}}},"5":{"name":"(anonymous_32)","decl":{"start":{"line":57,"column":2},"end":{"line":57,"column":16}},"loc":{"start":{"line":57,"column":52},"end":{"line":63,"column":null}}},"6":{"name":"(anonymous_35)","decl":{"start":{"line":65,"column":2},"end":{"line":65,"column":16}},"loc":{"start":{"line":65,"column":41},"end":{"line":71,"column":null}}},"7":{"name":"(anonymous_38)","decl":{"start":{"line":73,"column":2},"end":{"line":73,"column":13}},"loc":{"start":{"line":73,"column":45},"end":{"line":84,"column":3}}}},"branchMap":{"0":{"loc":{"start":{"line":5,"column":4},"end":{"line":12,"column":7}},"type":"binary-expr","locations":[{"start":{"line":5,"column":4},"end":{"line":11,"column":null}},{"start":{"line":12,"column":6},"end":{"line":12,"column":7}}]},"1":{"loc":{"start":{"line":28,"column":4},"end":{"line":37,"column":5}},"type":"switch","locations":[{"start":{"line":29,"column":6},"end":{"line":30,"column":54}},{"start":{"line":31,"column":6},"end":{"line":32,"column":51}},{"start":{"line":33,"column":6},"end":{"line":34,"column":45}},{"start":{"line":35,"column":6},"end":{"line":36,"column":65}}]},"2":{"loc":{"start":{"line":45,"column":35},"end":{"line":45,"column":78}},"type":"binary-expr","locations":[{"start":{"line":45,"column":35},"end":{"line":45,"column":55}},{"start":{"line":45,"column":59},"end":{"line":45,"column":78}}]},"3":{"loc":{"start":{"line":45,"column":35},"end":{"line":45,"column":55}},"type":"cond-expr","locations":[{"start":{"line":45,"column":42},"end":{"line":45,"column":44}},{"start":{"line":45,"column":35},"end":{"line":45,"column":55}}]},"4":{"loc":{"start":{"line":45,"column":35},"end":{"line":45,"column":44}},"type":"binary-expr","locations":[{"start":{"line":45,"column":35},"end":{"line":45,"column":44}},{"start":{"line":45,"column":35},"end":{"line":45,"column":44}}]},"5":{"loc":{"start":{"line":47,"column":15},"end":{"line":47,"column":56}},"type":"binary-expr","locations":[{"start":{"line":47,"column":15},"end":{"line":47,"column":35}},{"start":{"line":47,"column":39},"end":{"line":47,"column":56}}]},"6":{"loc":{"start":{"line":47,"column":15},"end":{"line":47,"column":35}},"type":"cond-expr","locations":[{"start":{"line":47,"column":22},"end":{"line":47,"column":24}},{"start":{"line":47,"column":15},"end":{"line":47,"column":35}}]},"7":{"loc":{"start":{"line":47,"column":15},"end":{"line":47,"column":24}},"type":"binary-expr","locations":[{"start":{"line":47,"column":15},"end":{"line":47,"column":24}},{"start":{"line":47,"column":15},"end":{"line":47,"column":24}}]},"8":{"loc":{"start":{"line":74,"column":4},"end":{"line":83,"column":5}},"type":"switch","locations":[{"start":{"line":75,"column":6},"end":{"line":77,"column":14}},{"start":{"line":78,"column":6},"end":{"line":80,"column":14}},{"start":{"line":81,"column":6},"end":{"line":82,"column":60}}]}},"s":{"0":0,"1":0,"2":0,"3":0,"4":0,"5":0,"6":0,"7":0,"8":0,"9":0,"10":0,"11":0,"12":0,"13":0,"14":0,"15":0,"16":0,"17":0,"18":0,"19":0,"20":0,"21":0,"22":0,"23":0,"24":0,"25":0,"26":0},"f":{"0":0,"1":0,"2":0,"3":0,"4":0,"5":0,"6":0,"7":0},"b":{"0":[0,0],"1":[0,0,0,0],"2":[0,0],"3":[0,0],"4":[0,0],"5":[0,0],"6":[0,0],"7":[0,0],"8":[0,0,0]}}
,"C:\\Users\\brand\\CascadeProjects\\wellconnect-pro\\src\\lib\\agents\\DispatchAgent.ts": {"path":"C:\\Users\\brand\\CascadeProjects\\wellconnect-pro\\src\\lib\\agents\\DispatchAgent.ts","statementMap":{"0":{"start":{"line":1,"column":0},"end":{"line":1,"column":53}},"1":{"start":{"line":3,"column":0},"end":{"line":3,"column":null}},"2":{"start":{"line":3,"column":35},"end":{"line":3,"column":44}},"3":{"start":{"line":12,"column":4},"end":{"line":19,"column":7}},"4":{"start":{"line":4,"column":10},"end":{"line":4,"column":33}},"5":{"start":{"line":5,"column":10},"end":{"line":9,"column":4}},"6":{"start":{"line":22,"column":8},"end":{"line":29,"column":null}},"7":{"start":{"line":24,"column":4},"end":{"line":28,"column":7}},"8":{"start":{"line":31,"column":8},"end":{"line":45,"column":null}},"9":{"start":{"line":35,"column":4},"end":{"line":44,"column":5}},"10":{"start":{"line":37,"column":8},"end":{"line":37,"column":42}},"11":{"start":{"line":39,"column":8},"end":{"line":39,"column":43}},"12":{"start":{"line":41,"column":8},"end":{"line":41,"column":46}},"13":{"start":{"line":43,"column":8},"end":{"line":43,"column":55}},"14":{"start":{"line":47,"column":16},"end":{"line":59,"column":null}},"15":{"start":{"line":49,"column":4},"end":{"line":51,"column":5}},"16":{"start":{"line":50,"column":6},"end":{"line":50,"column":40}},"17":{"start":{"line":54,"column":4},"end":{"line":58,"column":6}},"18":{"start":{"line":61,"column":16},"end":{"line":71,"column":null}},"19":{"start":{"line":62,"column":4},"end":{"line":65,"column":7}},"20":{"start":{"line":67,"column":4},"end":{"line":70,"column":6}},"21":{"start":{"line":73,"column":16},"end":{"line":80,"column":null}},"22":{"start":{"line":75,"column":4},"end":{"line":79,"column":6}},"23":{"start":{"line":82,"column":10},"end":{"line":99,"column":null}},"24":{"start":{"line":83,"column":16},"end":{"line":83,"column":26}},"25":{"start":{"line":84,"column":20},"end":{"line":84,"column":34}},"26":{"start":{"line":87,"column":4},"end":{"line":90,"column":5}},"27":{"start":{"line":88,"column":6},"end":{"line":88,"column":42}},"28":{"start":{"line":89,"column":6},"end":{"line":89,"column":46}},"29":{"start":{"line":93,"column":4},"end":{"line":95,"column":5}},"30":{"start":{"line":94,"column":6},"end":{"line":94,"column":19}},"31":{"start":{"line":97,"column":4},"end":{"line":97,"column":38}},"32":{"start":{"line":98,"column":4},"end":{"line":98,"column":16}},"33":{"start":{"line":101,"column":2},"end":{"line":112,"column":null}},"34":{"start":{"line":102,"column":4},"end":{"line":111,"column":5}},"35":{"start":{"line":104,"column":8},"end":{"line":104,"column":62}},"36":{"start":{"line":105,"column":8},"end":{"line":105,"column":14}},"37":{"start":{"line":107,"column":8},"end":{"line":107,"column":66}},"38":{"start":{"line":108,"column":8},"end":{"line":108,"column":14}},"39":{"start":{"line":110,"column":8},"end":{"line":110,"column":60}},"40":{"start":{"line":113,"column":0},"end":{"line":113,"column":null}},"41":{"start":{"line":3,"column":13},"end":{"line":3,"column":26}}},"fnMap":{"0":{"name":"(anonymous_21)","decl":{"start":{"line":3,"column":0},"end":{"line":3,"column":13}},"loc":{"start":{"line":3,"column":0},"end":{"line":113,"column":null}}},"1":{"name":"DispatchAgent","decl":{"start":{"line":11,"column":2},"end":{"line":11,"column":14}},"loc":{"start":{"line":11,"column":33},"end":{"line":20,"column":3}}},"2":{"name":"(anonymous_23)","decl":{"start":{"line":22,"column":2},"end":{"line":22,"column":8}},"loc":{"start":{"line":22,"column":2},"end":{"line":29,"column":null}}},"3":{"name":"(anonymous_26)","decl":{"start":{"line":31,"column":2},"end":{"line":31,"column":8}},"loc":{"start":{"line":34,"column":3},"end":{"line":45,"column":null}}},"4":{"name":"(anonymous_29)","decl":{"start":{"line":47,"column":2},"end":{"line":47,"column":16}},"loc":{"start":{"line":47,"column":40},"end":{"line":59,"column":null}}},"5":{"name":"(anonymous_32)","decl":{"start":{"line":61,"column":2},"end":{"line":61,"column":16}},"loc":{"start":{"line":61,"column":41},"end":{"line":71,"column":null}}},"6":{"name":"(anonymous_35)","decl":{"start":{"line":73,"column":2},"end":{"line":73,"column":16}},"loc":{"start":{"line":73,"column":45},"end":{"line":80,"column":null}}},"7":{"name":"(anonymous_38)","decl":{"start":{"line":82,"column":2},"end":{"line":82,"column":10}},"loc":{"start":{"line":82,"column":2},"end":{"line":99,"column":3}}},"8":{"name":"(anonymous_39)","decl":{"start":{"line":101,"column":2},"end":{"line":101,"column":13}},"loc":{"start":{"line":101,"column":45},"end":{"line":112,"column":3}}}},"branchMap":{"0":{"loc":{"start":{"line":12,"column":4},"end":{"line":19,"column":7}},"type":"binary-expr","locations":[{"start":{"line":12,"column":4},"end":{"line":18,"column":null}},{"start":{"line":19,"column":6},"end":{"line":19,"column":7}}]},"1":{"loc":{"start":{"line":35,"column":4},"end":{"line":44,"column":5}},"type":"switch","locations":[{"start":{"line":36,"column":6},"end":{"line":37,"column":42}},{"start":{"line":38,"column":6},"end":{"line":39,"column":43}},{"start":{"line":40,"column":6},"end":{"line":41,"column":46}},{"start":{"line":42,"column":6},"end":{"line":43,"column":55}}]},"2":{"loc":{"start":{"line":49,"column":4},"end":{"line":51,"column":5}},"type":"if","locations":[{"start":{"line":49,"column":4},"end":{"line":51,"column":5}}]},"3":{"loc":{"start":{"line":87,"column":4},"end":{"line":90,"column":5}},"type":"if","locations":[{"start":{"line":87,"column":4},"end":{"line":90,"column":5}}]},"4":{"loc":{"start":{"line":93,"column":4},"end":{"line":95,"column":5}},"type":"if","locations":[{"start":{"line":93,"column":4},"end":{"line":95,"column":5}}]},"5":{"loc":{"start":{"line":102,"column":4},"end":{"line":111,"column":5}},"type":"switch","locations":[{"start":{"line":103,"column":6},"end":{"line":105,"column":14}},{"start":{"line":106,"column":6},"end":{"line":108,"column":14}},{"start":{"line":109,"column":6},"end":{"line":110,"column":60}}]}},"s":{"0":0,"1":0,"2":0,"3":0,"4":0,"5":0,"6":0,"7":0,"8":0,"9":0,"10":0,"11":0,"12":0,"13":0,"14":0,"15":0,"16":0,"17":0,"18":0,"19":0,"20":0,"21":0,"22":0,"23":0,"24":0,"25":0,"26":0,"27":0,"28":0,"29":0,"30":0,"31":0,"32":0,"33":0,"34":0,"35":0,"36":0,"37":0,"38":0,"39":0,"40":0,"41":0},"f":{"0":0,"1":0,"2":0,"3":0,"4":0,"5":0,"6":0,"7":0,"8":0},"b":{"0":[0,0],"1":[0,0,0,0],"2":[0],"3":[0],"4":[0],"5":[0,0,0]}}
,"C:\\Users\\brand\\CascadeProjects\\wellconnect-pro\\src\\lib\\agents\\ResearchAgent.ts": {"path":"C:\\Users\\brand\\CascadeProjects\\wellconnect-pro\\src\\lib\\agents\\ResearchAgent.ts","statementMap":{"0":{"start":{"line":1,"column":0},"end":{"line":1,"column":53}},"1":{"start":{"line":3,"column":0},"end":{"line":3,"column":null}},"2":{"start":{"line":3,"column":35},"end":{"line":3,"column":44}},"3":{"start":{"line":5,"column":4},"end":{"line":12,"column":7}},"4":{"start":{"line":15,"column":8},"end":{"line":22,"column":null}},"5":{"start":{"line":17,"column":4},"end":{"line":21,"column":7}},"6":{"start":{"line":24,"column":8},"end":{"line":38,"column":null}},"7":{"start":{"line":28,"column":4},"end":{"line":37,"column":5}},"8":{"start":{"line":30,"column":8},"end":{"line":30,"column":51}},"9":{"start":{"line":32,"column":8},"end":{"line":32,"column":54}},"10":{"start":{"line":34,"column":8},"end":{"line":34,"column":60}},"11":{"start":{"line":36,"column":8},"end":{"line":36,"column":55}},"12":{"start":{"line":40,"column":16},"end":{"line":47,"column":null}},"13":{"start":{"line":42,"column":4},"end":{"line":46,"column":6}},"14":{"start":{"line":49,"column":16},"end":{"line":56,"column":null}},"15":{"start":{"line":51,"column":4},"end":{"line":55,"column":6}},"16":{"start":{"line":58,"column":16},"end":{"line":64,"column":null}},"17":{"start":{"line":60,"column":4},"end":{"line":63,"column":6}},"18":{"start":{"line":66,"column":2},"end":{"line":74,"column":null}},"19":{"start":{"line":67,"column":4},"end":{"line":73,"column":5}},"20":{"start":{"line":69,"column":8},"end":{"line":69,"column":60}},"21":{"start":{"line":70,"column":8},"end":{"line":70,"column":14}},"22":{"start":{"line":72,"column":8},"end":{"line":72,"column":60}},"23":{"start":{"line":75,"column":0},"end":{"line":75,"column":null}},"24":{"start":{"line":3,"column":13},"end":{"line":3,"column":26}}},"fnMap":{"0":{"name":"(anonymous_21)","decl":{"start":{"line":3,"column":0},"end":{"line":3,"column":13}},"loc":{"start":{"line":3,"column":0},"end":{"line":75,"column":null}}},"1":{"name":"ResearchAgent","decl":{"start":{"line":4,"column":2},"end":{"line":4,"column":14}},"loc":{"start":{"line":4,"column":33},"end":{"line":13,"column":3}}},"2":{"name":"(anonymous_23)","decl":{"start":{"line":15,"column":2},"end":{"line":15,"column":8}},"loc":{"start":{"line":15,"column":2},"end":{"line":22,"column":null}}},"3":{"name":"(anonymous_26)","decl":{"start":{"line":24,"column":2},"end":{"line":24,"column":8}},"loc":{"start":{"line":27,"column":3},"end":{"line":38,"column":null}}},"4":{"name":"(anonymous_29)","decl":{"start":{"line":40,"column":2},"end":{"line":40,"column":16}},"loc":{"start":{"line":40,"column":48},"end":{"line":47,"column":null}}},"5":{"name":"(anonymous_32)","decl":{"start":{"line":49,"column":2},"end":{"line":49,"column":16}},"loc":{"start":{"line":49,"column":57},"end":{"line":56,"column":null}}},"6":{"name":"(anonymous_35)","decl":{"start":{"line":58,"column":2},"end":{"line":58,"column":16}},"loc":{"start":{"line":58,"column":56},"end":{"line":64,"column":null}}},"7":{"name":"(anonymous_38)","decl":{"start":{"line":66,"column":2},"end":{"line":66,"column":13}},"loc":{"start":{"line":66,"column":45},"end":{"line":74,"column":3}}}},"branchMap":{"0":{"loc":{"start":{"line":5,"column":4},"end":{"line":12,"column":7}},"type":"binary-expr","locations":[{"start":{"line":5,"column":4},"end":{"line":11,"column":null}},{"start":{"line":12,"column":6},"end":{"line":12,"column":7}}]},"1":{"loc":{"start":{"line":28,"column":4},"end":{"line":37,"column":5}},"type":"switch","locations":[{"start":{"line":29,"column":6},"end":{"line":30,"column":51}},{"start":{"line":31,"column":6},"end":{"line":32,"column":54}},{"start":{"line":33,"column":6},"end":{"line":34,"column":60}},{"start":{"line":35,"column":6},"end":{"line":36,"column":55}}]},"2":{"loc":{"start":{"line":67,"column":4},"end":{"line":73,"column":5}},"type":"switch","locations":[{"start":{"line":68,"column":6},"end":{"line":70,"column":14}},{"start":{"line":71,"column":6},"end":{"line":72,"column":60}}]}},"s":{"0":0,"1":0,"2":0,"3":0,"4":0,"5":0,"6":0,"7":0,"8":0,"9":0,"10":0,"11":0,"12":0,"13":0,"14":0,"15":0,"16":0,"17":0,"18":0,"19":0,"20":0,"21":0,"22":0,"23":0,"24":0},"f":{"0":0,"1":0,"2":0,"3":0,"4":0,"5":0,"6":0,"7":0},"b":{"0":[0,0],"1":[0,0,0,0],"2":[0,0]}}
,"C:\\Users\\brand\\CascadeProjects\\wellconnect-pro\\src\\lib\\ai\\inference.ts": {"path":"C:\\Users\\brand\\CascadeProjects\\wellconnect-pro\\src\\lib\\ai\\inference.ts","statementMap":{"0":{"start":{"line":1,"column":0},"end":{"line":1,"column":26}},"1":{"start":{"line":4,"column":0},"end":{"line":4,"column":null}},"2":{"start":{"line":5,"column":2},"end":{"line":5,"column":null}},"3":{"start":{"line":6,"column":2},"end":{"line":6,"column":null}},"4":{"start":{"line":7,"column":2},"end":{"line":7,"column":null}},"5":{"start":{"line":8,"column":2},"end":{"line":8,"column":null}},"6":{"start":{"line":19,"column":0},"end":{"line":19,"column":13}},"7":{"start":{"line":30,"column":15},"end":{"line":66,"column":null}},"8":{"start":{"line":32,"column":4},"end":{"line":32,"column":null}},"9":{"start":{"line":34,"column":10},"end":{"line":34,"column":62}},"10":{"start":{"line":35,"column":10},"end":{"line":35,"column":75}},"11":{"start":{"line":37,"column":4},"end":{"line":40,"column":5}},"12":{"start":{"line":38,"column":6},"end":{"line":38,"column":72}},"13":{"start":{"line":39,"column":6},"end":{"line":39,"column":45}},"14":{"start":{"line":43,"column":23},"end":{"line":59,"column":null}},"15":{"start":{"line":43,"column":12},"end":{"line":59,"column":null}},"16":{"start":{"line":61,"column":6},"end":{"line":61,"column":81}},"17":{"start":{"line":63,"column":6},"end":{"line":63,"column":51}},"18":{"start":{"line":64,"column":6},"end":{"line":64,"column":45}},"19":{"start":{"line":69,"column":17},"end":{"line":76,"column":null}},"20":{"start":{"line":70,"column":22},"end":{"line":74,"column":6}},"21":{"start":{"line":75,"column":4},"end":{"line":75,"column":67}},"22":{"start":{"line":79,"column":15},"end":{"line":99,"column":null}},"23":{"start":{"line":81,"column":10},"end":{"line":81,"column":41}},"24":{"start":{"line":82,"column":10},"end":{"line":84,"column":6}},"25":{"start":{"line":86,"column":10},"end":{"line":88,"column":6}},"26":{"start":{"line":87,"column":6},"end":{"line":87,"column":null}},"27":{"start":{"line":90,"column":4},"end":{"line":92,"column":5}},"28":{"start":{"line":91,"column":6},"end":{"line":91,"column":33}},"29":{"start":{"line":94,"column":4},"end":{"line":96,"column":5}},"30":{"start":{"line":95,"column":6},"end":{"line":95,"column":30}},"31":{"start":{"line":98,"column":4},"end":{"line":98,"column":34}},"32":{"start":{"line":102,"column":9},"end":{"line":121,"column":null}},"33":{"start":{"line":106,"column":21},"end":{"line":106,"column":84}},"34":{"start":{"line":106,"column":68},"end":{"line":106,"column":84}},"35":{"start":{"line":108,"column":26},"end":{"line":108,"column":67}},"36":{"start":{"line":109,"column":26},"end":{"line":109,"column":66}},"37":{"start":{"line":111,"column":22},"end":{"line":115,"column":19}},"38":{"start":{"line":111,"column":44},"end":{"line":111,"column":73}},"39":{"start":{"line":113,"column":30},"end":{"line":113,"column":59}},"40":{"start":{"line":117,"column":4},"end":{"line":120,"column":6}},"41":{"start":{"line":20,"column":17},"end":{"line":20,"column":83}},"42":{"start":{"line":23,"column":17},"end":{"line":27,"column":4}},"43":{"start":{"line":122,"column":0},"end":{"line":122,"column":null}},"44":{"start":{"line":19,"column":13},"end":{"line":19,"column":24}}},"fnMap":{"0":{"name":"(anonymous_16)","decl":{"start":{"line":4,"column":0},"end":{"line":4,"column":12}},"loc":{"start":{"line":4,"column":23},"end":{"line":9,"column":1}}},"1":{"name":"(anonymous_17)","decl":{"start":{"line":19,"column":0},"end":{"line":19,"column":13}},"loc":{"start":{"line":19,"column":0},"end":{"line":19,"column":13}}},"2":{"name":"(anonymous_19)","decl":{"start":{"line":30,"column":2},"end":{"line":30,"column":15}},"loc":{"start":{"line":30,"column":2},"end":{"line":66,"column":null}}},"3":{"name":"(anonymous_22)","decl":{"start":{"line":69,"column":2},"end":{"line":69,"column":17}},"loc":{"start":{"line":69,"column":50},"end":{"line":76,"column":3}}},"4":{"name":"(anonymous_23)","decl":{"start":{"line":79,"column":2},"end":{"line":79,"column":15}},"loc":{"start":{"line":79,"column":46},"end":{"line":99,"column":null}}},"5":{"name":"(anonymous_26)","decl":{"start":{"line":86,"column":46},"end":{"line":86,"column":53}},"loc":{"start":{"line":86,"column":53},"end":{"line":87,"column":13}}},"6":{"name":"(anonymous_27)","decl":{"start":{"line":102,"column":2},"end":{"line":102,"column":9}},"loc":{"start":{"line":102,"column":33},"end":{"line":121,"column":3}}},"7":{"name":"(anonymous_28)","decl":{"start":{"line":106,"column":60},"end":{"line":106,"column":64}},"loc":{"start":{"line":106,"column":64},"end":{"line":106,"column":72}}},"8":{"name":"(anonymous_29)","decl":{"start":{"line":111,"column":36},"end":{"line":111,"column":40}},"loc":{"start":{"line":111,"column":40},"end":{"line":111,"column":57}}},"9":{"name":"(anonymous_30)","decl":{"start":{"line":113,"column":22},"end":{"line":113,"column":26}},"loc":{"start":{"line":113,"column":26},"end":{"line":113,"column":43}}}},"branchMap":{"0":{"loc":{"start":{"line":4,"column":12},"end":{"line":4,"column":null}},"type":"binary-expr","locations":[{"start":{"line":4,"column":12},"end":{"line":4,"column":23}},{"start":{"line":4,"column":23},"end":{"line":4,"column":null}}]},"1":{"loc":{"start":{"line":32,"column":4},"end":{"line":32,"column":null}},"type":"if","locations":[{"start":{"line":32,"column":4},"end":{"line":32,"column":null}}]},"2":{"loc":{"start":{"line":35,"column":19},"end":{"line":35,"column":74}},"type":"binary-expr","locations":[{"start":{"line":35,"column":19},"end":{"line":35,"column":38}},{"start":{"line":35,"column":42},"end":{"line":35,"column":74}}]},"3":{"loc":{"start":{"line":37,"column":4},"end":{"line":40,"column":5}},"type":"if","locations":[{"start":{"line":37,"column":4},"end":{"line":40,"column":5}}]},"4":{"loc":{"start":{"line":61,"column":13},"end":{"line":61,"column":80}},"type":"binary-expr","locations":[{"start":{"line":61,"column":13},"end":{"line":61,"column":45}},{"start":{"line":61,"column":49},"end":{"line":61,"column":80}}]},"5":{"loc":{"start":{"line":61,"column":13},"end":{"line":61,"column":45}},"type":"cond-expr","locations":[{"start":{"line":61,"column":29},"end":{"line":61,"column":31}},{"start":{"line":61,"column":29},"end":{"line":61,"column":45}}]},"6":{"loc":{"start":{"line":61,"column":13},"end":{"line":61,"column":31}},"type":"binary-expr","locations":[{"start":{"line":61,"column":13},"end":{"line":61,"column":31}},{"start":{"line":61,"column":29},"end":{"line":61,"column":31}}]},"7":{"loc":{"start":{"line":90,"column":4},"end":{"line":92,"column":5}},"type":"if","locations":[{"start":{"line":90,"column":4},"end":{"line":92,"column":5}}]},"8":{"loc":{"start":{"line":90,"column":8},"end":{"line":90,"column":40}},"type":"binary-expr","locations":[{"start":{"line":90,"column":8},"end":{"line":90,"column":27}},{"start":{"line":90,"column":31},"end":{"line":90,"column":40}}]},"9":{"loc":{"start":{"line":94,"column":4},"end":{"line":96,"column":5}},"type":"if","locations":[{"start":{"line":94,"column":4},"end":{"line":96,"column":5}}]},"10":{"loc":{"start":{"line":111,"column":22},"end":{"line":115,"column":19}},"type":"cond-expr","locations":[{"start":{"line":112,"column":8},"end":{"line":112,"column":18}},{"start":{"line":113,"column":8},"end":{"line":115,"column":19}}]},"11":{"loc":{"start":{"line":113,"column":8},"end":{"line":115,"column":19}},"type":"cond-expr","locations":[{"start":{"line":114,"column":10},"end":{"line":114,"column":20}},{"start":{"line":115,"column":10},"end":{"line":115,"column":19}}]}},"s":{"0":0,"1":0,"2":0,"3":0,"4":0,"5":0,"6":0,"7":0,"8":0,"9":0,"10":0,"11":0,"12":0,"13":0,"14":0,"15":0,"16":0,"17":0,"18":0,"19":0,"20":0,"21":0,"22":0,"23":0,"24":0,"25":0,"26":0,"27":0,"28":0,"29":0,"30":0,"31":0,"32":0,"33":0,"34":0,"35":0,"36":0,"37":0,"38":0,"39":0,"40":0,"41":0,"42":0,"43":0,"44":0},"f":{"0":0,"1":0,"2":0,"3":0,"4":0,"5":0,"6":0,"7":0,"8":0,"9":0},"b":{"0":[0,0],"1":[0],"2":[0,0],"3":[0],"4":[0,0],"5":[0,0],"6":[0,0],"7":[0],"8":[0,0],"9":[0],"10":[0,0],"11":[0,0]}}
,"C:\\Users\\brand\\CascadeProjects\\wellconnect-pro\\src\\lib\\db\\models.ts": {"path":"C:\\Users\\brand\\CascadeProjects\\wellconnect-pro\\src\\lib\\db\\models.ts","statementMap":{"0":{"start":{"line":1,"column":0},"end":{"line":1,"column":32}},"1":{"start":{"line":2,"column":0},"end":{"line":2,"column":24}},"2":{"start":{"line":5,"column":13},"end":{"line":15,"column":3}},"3":{"start":{"line":17,"column":13},"end":{"line":22,"column":3}},"4":{"start":{"line":25,"column":33},"end":{"line":39,"column":24}},"5":{"start":{"line":41,"column":33},"end":{"line":50,"column":24}},"6":{"start":{"line":52,"column":13},"end":{"line":52,"column":120}},"7":{"start":{"line":53,"column":13},"end":{"line":53,"column":120}}},"fnMap":{},"branchMap":{"0":{"loc":{"start":{"line":52,"column":29},"end":{"line":52,"column":119}},"type":"binary-expr","locations":[{"start":{"line":52,"column":29},"end":{"line":52,"column":58}},{"start":{"line":52,"column":62},"end":{"line":52,"column":119}}]},"1":{"loc":{"start":{"line":53,"column":29},"end":{"line":53,"column":119}},"type":"binary-expr","locations":[{"start":{"line":53,"column":29},"end":{"line":53,"column":58}},{"start":{"line":53,"column":62},"end":{"line":53,"column":119}}]}},"s":{"0":0,"1":0,"2":0,"3":0,"4":0,"5":0,"6":0,"7":0},"f":{},"b":{"0":[0,0],"1":[0,0]}}
[...]
,"C:\\Users\\brand\\CascadeProjects\\wellconnect-pro\\src\\lib\\validations\\campaignSchema.ts": {"path":"C:\\Users\\brand\\CascadeProjects\\wellconnect-pro\\src\\lib\\validations\\campaignSchema.ts","statementMap":{"0":{"start":{"line":62,"column":0},"end":{"line":62,"column":16}},"1":{"start":{"line":1,"column":0},"end":{"line":1,"column":24}},"2":{"start":{"line":4,"column":13},"end":{"line":56,"column":3}},"3":{"start":{"line":54,"column":36},"end":{"line":54,"column":47}},"4":{"start":{"line":55,"column":36},"end":{"line":55,"column":47}},"5":{"start":{"line":63,"column":2},"end":{"line":63,"column":40}}},"fnMap":{"0":{"name":"(anonymous_0)","decl":{"start":{"line":54,"column":30},"end":{"line":54,"column":36}},"loc":{"start":{"line":54,"column":30},"end":{"line":54,"column":40}}},"1":{"name":"(anonymous_1)","decl":{"start":{"line":55,"column":30},"end":{"line":55,"column":36}},"loc":{"start":{"line":55,"column":30},"end":{"line":55,"column":40}}},"2":{"name":"validateCampaign","decl":{"start":{"line":62,"column":16},"end":{"line":62,"column":32}},"loc":{"start":{"line":62,"column":50},"end":{"line":64,"column":1}}}},"branchMap":{},"s":{"0":0,"1":0,"2":0,"3":0,"4":0,"5":0},"f":{"0":0,"1":0,"2":0},"b":{}}
,"C:\\Users\\brand\\CascadeProjects\\wellconnect-pro\\src\\pages\\api\\health.ts": {"path":"C:\\Users\\brand\\CascadeProjects\\wellconnect-pro\\src\\pages\\api\\health.ts","statementMap":{"0":{"start":{"line":6,"column":0},"end":{"line":6,"column":30}},"1":{"start":{"line":2,"column":0},"end":{"line":2,"column":71}},"2":{"start":{"line":3,"column":0},"end":{"line":3,"column":69}},"3":{"start":{"line":4,"column":0},"end":{"line":4,"column":87}},"4":{"start":{"line":9,"column":25},"end":{"line":9,"column":null}},"5":{"start":{"line":9,"column":10},"end":{"line":9,"column":null}},"6":{"start":{"line":10,"column":10},"end":{"line":10,"column":74}},"7":{"start":{"line":11,"column":10},"end":{"line":11,"column":81}},"8":{"start":{"line":13,"column":4},"end":{"line":32,"column":7}},"9":{"start":{"line":34,"column":4},"end":{"line":38,"column":7}}},"fnMap":{"0":{"name":"handler","decl":{"start":{"line":6,"column":30},"end":{"line":6,"column":37}},"loc":{"start":{"line":6,"column":79},"end":{"line":40,"column":null}}}},"branchMap":{"0":{"loc":{"start":{"line":36,"column":13},"end":{"line":36,"column":69}},"type":"cond-expr","locations":[{"start":{"line":36,"column":38},"end":{"line":36,"column":51}},{"start":{"line":36,"column":54},"end":{"line":36,"column":69}}]}},"s":{"0":0,"1":0,"2":0,"3":0,"4":0,"5":0,"6":0,"7":0,"8":0,"9":0},"f":{"0":0},"b":{"0":[0,0]}}
,"C:\\Users\\brand\\CascadeProjects\\wellconnect-pro\\src\\pages\\api\\affiliates\\index.ts": {"path":"C:\\Users\\brand\\CascadeProjects\\wellconnect-pro\\src\\pages\\api\\affiliates\\index.ts","statementMap":{"0":{"start":{"line":2,"column":0},"end":{"line":2,"column":56}},"1":{"start":{"line":3,"column":0},"end":{"line":3,"column":38}},"2":{"start":{"line":4,"column":0},"end":{"line":4,"column":60}},"3":{"start":{"line":7,"column":30},"end":{"line":7,"column":32}},"4":{"start":{"line":10,"column":8},"end":{"line":10,"column":33}},"5":{"start":{"line":12,"column":2},"end":{"line":45,"column":3}},"6":{"start":{"line":14,"column":6},"end":{"line":34,"column":7}},"7":{"start":{"line":16,"column":14},"end":{"line":16,"column":66}},"8":{"start":{"line":19,"column":14},"end":{"line":24,"column":10}},"9":{"start":{"line":26,"column":8},"end":{"line":26,"column":37}},"10":{"start":{"line":28,"column":8},"end":{"line":28,"column":38}},"11":{"start":{"line":30,"column":8},"end":{"line":33,"column":11}},"12":{"start":{"line":35,"column":6},"end":{"line":35,"column":12}},"13":{"start":{"line":39,"column":6},"end":{"line":39,"column":43}},"14":{"start":{"line":40,"column":6},"end":{"line":40,"column":12}},"15":{"start":{"line":43,"column":6},"end":{"line":43,"column":46}},"16":{"start":{"line":44,"column":6},"end":{"line":44,"column":62}},"17":{"start":{"line":48,"column":0},"end":{"line":48,"column":58}}},"fnMap":{"0":{"name":"handler","decl":{"start":{"line":9,"column":15},"end":{"line":9,"column":22}},"loc":{"start":{"line":9,"column":64},"end":{"line":46,"column":null}}}},"branchMap":{"0":{"loc":{"start":{"line":12,"column":2},"end":{"line":45,"column":3}},"type":"switch","locations":[{"start":{"line":13,"column":4},"end":{"line":35,"column":12}},{"start":{"line":37,"column":4},"end":{"line":40,"column":12}},{"start":{"line":42,"column":4},"end":{"line":44,"column":62}}]},"1":{"loc":{"start":{"line":32,"column":19},"end":{"line":32,"column":75}},"type":"cond-expr","locations":[{"start":{"line":32,"column":44},"end":{"line":32,"column":57}},{"start":{"line":32,"column":60},"end":{"line":32,"column":75}}]}},"s":{"0":0,"1":0,"2":0,"3":0,"4":0,"5":0,"6":0,"7":0,"8":0,"9":0,"10":0,"11":0,"12":0,"13":0,"14":0,"15":0,"16":0,"17":0},"f":{"0":0},"b":{"0":[0,0,0],"1":[0,0]}}
,"C:\\Users\\brand\\CascadeProjects\\wellconnect-pro\\src\\pages\\api\\email\\config.ts": {"path":"C:\\Users\\brand\\CascadeProjects\\wellconnect-pro\\src\\pages\\api\\email\\config.ts","statementMap":{"0":{"start":{"line":2,"column":0},"end":{"line":2,"column":54}},"1":{"start":{"line":3,"column":0},"end":{"line":3,"column":38}},"2":{"start":{"line":4,"column":0},"end":{"line":4,"column":60}},"3":{"start":{"line":7,"column":23},"end":{"line":7,"column":27}},"4":{"start":{"line":10,"column":8},"end":{"line":10,"column":33}},"5":{"start":{"line":12,"column":2},"end":{"line":50,"column":3}},"6":{"start":{"line":14,"column":6},"end":{"line":34,"column":7}},"7":{"start":{"line":16,"column":14},"end":{"line":16,"column":64}},"8":{"start":{"line":19,"column":8},"end":{"line":23,"column":10}},"9":{"start":{"line":25,"column":8},"end":{"line":28,"column":11}},"10":{"start":{"line":30,"column":8},"end":{"line":33,"column":11}},"11":{"start":{"line":35,"column":6},"end":{"line":35,"column":12}},"12":{"start":{"line":39,"column":6},"end":{"line":44,"column":7}},"13":{"start":{"line":40,"column":16},"end":{"line":40,"column":41}},"14":{"start":{"line":41,"column":8},"end":{"line":41,"column":41}},"15":{"start":{"line":43,"column":8},"end":{"line":43,"column":72}},"16":{"start":{"line":45,"column":6},"end":{"line":45,"column":12}},"17":{"start":{"line":48,"column":6},"end":{"line":48,"column":46}},"18":{"start":{"line":49,"column":6},"end":{"line":49,"column":62}},"19":{"start":{"line":53,"column":0},"end":{"line":53,"column":58}}},"fnMap":{"0":{"name":"handler","decl":{"start":{"line":9,"column":15},"end":{"line":9,"column":22}},"loc":{"start":{"line":9,"column":64},"end":{"line":51,"column":null}}}},"branchMap":{"0":{"loc":{"start":{"line":12,"column":2},"end":{"line":50,"column":3}},"type":"switch","locations":[{"start":{"line":13,"column":4},"end":{"line":35,"column":12}},{"start":{"line":37,"column":4},"end":{"line":45,"column":12}},{"start":{"line":47,"column":4},"end":{"line":49,"column":62}}]},"1":{"loc":{"start":{"line":32,"column":19},"end":{"line":32,"column":75}},"type":"cond-expr","locations":[{"start":{"line":32,"column":44},"end":{"line":32,"column":57}},{"start":{"line":32,"column":60},"end":{"line":32,"column":75}}]},"2":{"loc":{"start":{"line":39,"column":6},"end":{"line":44,"column":7}},"type":"if","locations":[{"start":{"line":39,"column":6},"end":{"line":44,"column":7}},{"start":{"line":42,"column":13},"end":{"line":44,"column":7}}]}},"s":{"0":0,"1":0,"2":0,"3":0,"4":0,"5":0,"6":0,"7":0,"8":0,"9":0,"10":0,"11":0,"12":0,"13":0,"14":0,"15":0,"16":0,"17":0,"18":0,"19":0},"f":{"0":0},"b":{"0":[0,0,0],"1":[0,0],"2":[0,0]}}
,"C:\\Users\\brand\\CascadeProjects\\wellconnect-pro\\src\\pages\\api\\performance\\index.ts": {"path":"C:\\Users\\brand\\CascadeProjects\\wellconnect-pro\\src\\pages\\api\\performance\\index.ts","statementMap":{"0":{"start":{"line":2,"column":0},"end":{"line":2,"column":38}},"1":{"start":{"line":3,"column":0},"end":{"line":3,"column":55}},"2":{"start":{"line":6,"column":8},"end":{"line":6,"column":33}},"3":{"start":{"line":8,"column":2},"end":{"line":25,"column":3}},"4":{"start":{"line":10,"column":6},"end":{"line":19,"column":7}},"5":{"start":{"line":12,"column":14},"end":{"line":12,"column":79}},"6":{"start":{"line":13,"column":8},"end":{"line":13,"column":38}},"7":{"start":{"line":15,"column":8},"end":{"line":18,"column":11}},"8":{"start":{"line":20,"column":6},"end":{"line":20,"column":12}},"9":{"start":{"line":23,"column":6},"end":{"line":23,"column":38}},"10":{"start":{"line":24,"column":6},"end":{"line":24,"column":62}},"11":{"start":{"line":28,"column":0},"end":{"line":28,"column":33}}},"fnMap":{"0":{"name":"handler","decl":{"start":{"line":5,"column":15},"end":{"line":5,"column":22}},"loc":{"start":{"line":5,"column":64},"end":{"line":26,"column":null}}}},"branchMap":{"0":{"loc":{"start":{"line":8,"column":2},"end":{"line":25,"column":3}},"type":"switch","locations":[{"start":{"line":9,"column":4},"end":{"line":20,"column":12}},{"start":{"line":22,"column":4},"end":{"line":24,"column":62}}]},"1":{"loc":{"start":{"line":17,"column":19},"end":{"line":17,"column":75}},"type":"cond-expr","locations":[{"start":{"line":17,"column":44},"end":{"line":17,"column":57}},{"start":{"line":17,"column":60},"end":{"line":17,"column":75}}]}},"s":{"0":0,"1":0,"2":0,"3":0,"4":0,"5":0,"6":0,"7":0,"8":0,"9":0,"10":0,"11":0},"f":{"0":0},"b":{"0":[0,0],"1":[0,0]}}
,"C:\\Users\\brand\\CascadeProjects\\wellconnect-pro\\src\\services\\contextualUrlProcessor.ts": {"path":"C:\\Users\\brand\\CascadeProjects\\wellconnect-pro\\src\\services\\contextualUrlProcessor.ts","statementMap":{"0":{"start":{"line":1,"column":0},"end":{"line":1,"column":24}},"1":{"start":{"line":4,"column":13},"end":{"line":16,"column":3}},"2":{"start":{"line":18,"column":0},"end":{"line":18,"column":13}},"3":{"start":{"line":20,"column":8},"end":{"line":46,"column":null}},"4":{"start":{"line":21,"column":26},"end":{"line":40,"column":null}},"5":{"start":{"line":22,"column":29},"end":{"line":39,"column":8}},"6":{"start":{"line":25,"column":29},"end":{"line":25,"column":null}},"7":{"start":{"line":25,"column":16},"end":{"line":25,"column":null}},"8":{"start":{"line":27,"column":10},"end":{"line":29,"column":null}},"9":{"start":{"line":32,"column":10},"end":{"line":32,"column":71}},"10":{"start":{"line":33,"column":10},"end":{"line":36,"column":null}},"11":{"start":{"line":21,"column":10},"end":{"line":40,"column":null}},"12":{"start":{"line":42,"column":4},"end":{"line":45,"column":6}},"13":{"start":{"line":49,"column":16},"end":{"line":56,"column":null}},"14":{"start":{"line":51,"column":4},"end":{"line":55,"column":7}},"15":{"start":{"line":52,"column":6},"end":{"line":54,"column":14}},"16":{"start":{"line":53,"column":8},"end":{"line":53,"column":48}},"17":{"start":{"line":59,"column":10},"end":{"line":71,"column":null}},"18":{"start":{"line":61,"column":4},"end":{"line":70,"column":5}},"19":{"start":{"line":63,"column":8},"end":{"line":63,"column":60}},"20":{"start":{"line":65,"column":8},"end":{"line":65,"column":52}},"21":{"start":{"line":67,"column":8},"end":{"line":67,"column":54}},"22":{"start":{"line":69,"column":8},"end":{"line":69,"column":53}},"23":{"start":{"line":74,"column":10},"end":{"line":79,"column":null}},"24":{"start":{"line":75,"column":4},"end":{"line":78,"column":6}},"25":{"start":{"line":81,"column":10},"end":{"line":86,"column":null}},"26":{"start":{"line":82,"column":4},"end":{"line":85,"column":6}},"27":{"start":{"line":88,"column":10},"end":{"line":93,"column":null}},"28":{"start":{"line":89,"column":4},"end":{"line":92,"column":6}},"29":{"start":{"line":96,"column":10},"end":{"line":105,"column":null}},"30":{"start":{"line":97,"column":4},"end":{"line":104,"column":6}},"31":{"start":{"line":99,"column":57},"end":{"line":99,"column":68}},"32":{"start":{"line":101,"column":8},"end":{"line":101,"column":57}},"33":{"start":{"line":102,"column":8},"end":{"line":102,"column":19}},"34":{"start":{"line":106,"column":0},"end":{"line":106,"column":null}},"35":{"start":{"line":18,"column":13},"end":{"line":18,"column":35}},"36":{"start":{"line":108,"column":13},"end":{"line":108,"column":67}}},"fnMap":{"0":{"name":"(anonymous_15)","decl":{"start":{"line":18,"column":0},"end":{"line":18,"column":13}},"loc":{"start":{"line":18,"column":0},"end":{"line":106,"column":null}}},"1":{"name":"(anonymous_17)","decl":{"start":{"line":20,"column":2},"end":{"line":20,"column":8}},"loc":{"start":{"line":20,"column":73},"end":{"line":46,"column":null}}},"2":{"name":"(anonymous_20)","decl":{"start":{"line":22,"column":15},"end":{"line":22,"column":22}},"loc":{"start":{"line":22,"column":29},"end":{"line":39,"column":8}}},"3":{"name":"(anonymous_21)","decl":{"start":{"line":22,"column":29},"end":{"line":22,"column":null}},"loc":{"start":{"line":22,"column":29},"end":{"line":39,"column":8}}},"4":{"name":"(anonymous_23)","decl":{"start":{"line":49,"column":2},"end":{"line":49,"column":16}},"loc":{"start":{"line":49,"column":43},"end":{"line":56,"column":null}}},"5":{"name":"(anonymous_26)","decl":{"start":{"line":51,"column":23},"end":{"line":51,"column":24}},"loc":{"start":{"line":51,"column":31},"end":{"line":55,"column":5}}},"6":{"name":"(anonymous_27)","decl":{"start":{"line":52,"column":17},"end":{"line":52,"column":null}},"loc":{"start":{"line":52,"column":17},"end":{"line":54,"column":7}}},"7":{"name":"(anonymous_28)","decl":{"start":{"line":59,"column":2},"end":{"line":59,"column":10}},"loc":{"start":{"line":59,"column":59},"end":{"line":71,"column":3}}},"8":{"name":"(anonymous_29)","decl":{"start":{"line":74,"column":2},"end":{"line":74,"column":10}},"loc":{"start":{"line":74,"column":56},"end":{"line":79,"column":3}}},"9":{"name":"(anonymous_30)","decl":{"start":{"line":81,"column":2},"end":{"line":81,"column":10}},"loc":{"start":{"line":81,"column":48},"end":{"line":86,"column":3}}},"10":{"name":"(anonymous_31)","decl":{"start":{"line":88,"column":2},"end":{"line":88,"column":10}},"loc":{"start":{"line":88,"column":50},"end":{"line":93,"column":3}}},"11":{"name":"(anonymous_32)","decl":{"start":{"line":96,"column":2},"end":{"line":96,"column":10}},"loc":{"start":{"line":96,"column":46},"end":{"line":105,"column":3}}},"12":{"name":"(anonymous_33)","decl":{"start":{"line":99,"column":50},"end":{"line":99,"column":53}},"loc":{"start":{"line":99,"column":53},"end":{"line":99,"column":58}}},"13":{"name":"(anonymous_34)","decl":{"start":{"line":100,"column":43},"end":{"line":100,"column":44}},"loc":{"start":{"line":100,"column":52},"end":{"line":103,"column":7}}}},"branchMap":{"0":{"loc":{"start":{"line":21,"column":26},"end":{"line":40,"column":null}},"type":"switch","locations":[{"start":{"line":21,"column":26},"end":{"line":40,"column":null}}]},"1":{"loc":{"start":{"line":61,"column":4},"end":{"line":70,"column":5}},"type":"switch","locations":[{"start":{"line":62,"column":6},"end":{"line":63,"column":60}},{"start":{"line":64,"column":6},"end":{"line":65,"column":52}},{"start":{"line":66,"column":6},"end":{"line":67,"column":54}},{"start":{"line":68,"column":6},"end":{"line":69,"column":53}}]},"2":{"loc":{"start":{"line":101,"column":29},"end":{"line":101,"column":51}},"type":"binary-expr","locations":[{"start":{"line":101,"column":29},"end":{"line":101,"column":46}},{"start":{"line":101,"column":50},"end":{"line":101,"column":51}}]}},"s":{"0":0,"1":0,"2":0,"3":0,"4":0,"5":0,"6":0,"7":0,"8":0,"9":0,"10":0,"11":0,"12":0,"13":0,"14":0,"15":0,"16":0,"17":0,"18":0,"19":0,"20":0,"21":0,"22":0,"23":0,"24":0,"25":0,"26":0,"27":0,"28":0,"29":0,"30":0,"31":0,"32":0,"33":0,"34":0,"35":0,"36":0},"f":{"0":0,"1":0,"2":0,"3":0,"4":0,"5":0,"6":0,"7":0,"8":0,"9":0,"10":0,"11":0,"12":0,"13":0},"b":{"0":[0],"1":[0,0,0,0],"2":[0,0]}}
,"C:\\Users\\brand\\CascadeProjects\\wellconnect-pro\\src\\types\\global.ts": {"path":"C:\\Users\\brand\\CascadeProjects\\wellconnect-pro\\src\\types\\global.ts","statementMap":{"0":{"start":{"line":1,"column":0},"end":{"line":1,"column":24}},"1":{"start":{"line":6,"column":13},"end":{"line":25,"column":3}},"2":{"start":{"line":28,"column":13},"end":{"line":52,"column":3}},"3":{"start":{"line":55,"column":13},"end":{"line":67,"column":3}},"4":{"start":{"line":70,"column":13},"end":{"line":75,"column":3}},"5":{"start":{"line":78,"column":13},"end":{"line":84,"column":3}}},"fnMap":{},"branchMap":{},"s":{"0":0,"1":0,"2":0,"3":0,"4":0,"5":0},"f":{},"b":{}}
,"C:\\Users\\brand\\CascadeProjects\\wellconnect-pro\\src\\types\\marketingCampaignTypes.ts": {"path":"C:\\Users\\brand\\CascadeProjects\\wellconnect-pro\\src\\types\\marketingCampaignTypes.ts","statementMap":{"0":{"start":{"line":87,"column":0},"end":{"line":87,"column":16}},"1":{"start":{"line":1,"column":0},"end":{"line":1,"column":24}},"2":{"start":{"line":4,"column":13},"end":{"line":15,"column":11}},"3":{"start":{"line":18,"column":13},"end":{"line":24,"column":11}},"4":{"start":{"line":27,"column":13},"end":{"line":32,"column":3}},"5":{"start":{"line":35,"column":13},"end":{"line":78,"column":3}},"6":{"start":{"line":43,"column":20},"end":{"line":43,"column":null}},"7":{"start":{"line":46,"column":20},"end":{"line":46,"column":null}},"8":{"start":{"line":90,"column":2},"end":{"line":90,"column":51}},"9":{"start":{"line":94,"column":13},"end":{"line":102,"column":2}},"10":{"start":{"line":105,"column":13},"end":{"line":120,"column":2}},"11":{"start":{"line":106,"column":44},"end":{"line":109,"column":5}},"12":{"start":{"line":110,"column":45},"end":{"line":113,"column":5}}},"fnMap":{"0":{"name":"(anonymous_0)","decl":{"start":{"line":43,"column":14},"end":{"line":43,"column":20}},"loc":{"start":{"line":43,"column":14},"end":{"line":43,"column":21}}},"1":{"name":"(anonymous_1)","decl":{"start":{"line":46,"column":14},"end":{"line":46,"column":20}},"loc":{"start":{"line":46,"column":14},"end":{"line":46,"column":21}}},"2":{"name":"validateMarketingCampaignInput","decl":{"start":{"line":87,"column":16},"end":{"line":87,"column":46}},"loc":{"start":{"line":88,"column":16},"end":{"line":91,"column":1}}},"3":{"name":"(anonymous_3)","decl":{"start":{"line":106,"column":32},"end":{"line":106,"column":40}},"loc":{"start":{"line":106,"column":40},"end":{"line":106,"column":45}}},"4":{"name":"(anonymous_4)","decl":{"start":{"line":110,"column":37},"end":{"line":110,"column":41}},"loc":{"start":{"line":110,"column":41},"end":{"line":110,"column":46}}}},"branchMap":{},"s":{"0":0,"1":0,"2":0,"3":0,"4":0,"5":0,"6":0,"7":0,"8":0,"9":0,"10":0,"11":0,"12":0},"f":{"0":0,"1":0,"2":0,"3":0,"4":0},"b":{}}
}
