TN:
SF:src\agents\complianceAgent.ts
FN:3,(anonymous_0)
FN:7,(anonymous_2)
FN:13,(anonymous_3)
FN:17,(anonymous_4)
FN:21,(anonymous_5)
FN:25,(anonymous_6)
FN:29,(anonymous_7)
FN:37,(anonymous_8)
FN:42,(anonymous_9)
FNF:9
FNH:0
FNDA:0,(anonymous_0)
FNDA:0,(anonymous_2)
FNDA:0,(anonymous_3)
FNDA:0,(anonymous_4)
FNDA:0,(anonymous_5)
FNDA:0,(anonymous_6)
FNDA:0,(anonymous_7)
FNDA:0,(anonymous_8)
FNDA:0,(anonymous_9)
DA:3,0
DA:4,0
DA:5,0
DA:7,0
DA:8,0
DA:13,0
DA:14,0
DA:17,0
DA:18,0
DA:21,0
DA:22,0
DA:25,0
DA:26,0
DA:29,0
DA:30,0
DA:37,0
DA:38,0
DA:42,0
DA:43,0
DA:49,0
LF:20
LH:0
BRDA:8,0,0,0
BRDA:8,0,1,0
BRDA:8,0,2,0
BRF:3
BRH:0
end_of_record
TN:
SF:src\agents\dispatchAgent.ts
FN:4,(anonymous_14)
FN:27,(anonymous_16)
FN:57,(anonymous_19)
FN:62,(anonymous_20)
FN:66,(anonymous_21)
FNF:5
FNH:0
FNDA:0,(anonymous_14)
FNDA:0,(anonymous_16)
FNDA:0,(anonymous_19)
FNDA:0,(anonymous_20)
FNDA:0,(anonymous_21)
DA:1,0
DA:4,0
DA:5,0
DA:24,0
DA:25,0
DA:27,0
DA:28,0
DA:29,0
DA:30,0
DA:33,0
DA:36,0
DA:47,0
DA:48,0
DA:50,0
DA:52,0
DA:53,0
DA:57,0
DA:58,0
DA:59,0
DA:62,0
DA:63,0
DA:64,0
DA:66,0
DA:67,0
DA:70,0
LF:25
LH:0
BRDA:28,0,0,0
BRF:1
BRH:0
end_of_record
TN:
SF:src\agents\emailDiscoveryAgent.ts
FN:4,(anonymous_14)
FN:11,(anonymous_16)
FN:36,(anonymous_19)
FN:43,(anonymous_20)
FN:44,(anonymous_21)
FN:45,(anonymous_22)
FN:45,(anonymous_23)
FNF:7
FNH:0
FNDA:0,(anonymous_14)
FNDA:0,(anonymous_16)
FNDA:0,(anonymous_19)
FNDA:0,(anonymous_20)
FNDA:0,(anonymous_21)
FNDA:0,(anonymous_22)
FNDA:0,(anonymous_23)
DA:1,0
DA:4,0
DA:5,0
DA:11,0
DA:12,0
DA:14,0
DA:16,0
DA:26,0
DA:27,0
DA:29,0
DA:33,0
DA:36,0
DA:38,0
DA:39,0
DA:43,0
DA:44,0
DA:45,0
DA:48,0
LF:18
LH:0
BRDA:33,0,0,0
BRDA:14,1,0,0
BRDA:39,2,0,0
BRDA:39,2,1,0
BRF:4
BRH:0
end_of_record
TN:
SF:src\agents\orchestrator.ts
FN:8,(anonymous_13)
FN:15,OutreachOrchestrator
FN:23,(anonymous_15)
FNF:3
FNH:0
FNDA:0,(anonymous_13)
FNDA:0,OutreachOrchestrator
FNDA:0,(anonymous_15)
DA:1,0
DA:2,0
DA:3,0
DA:4,0
DA:5,0
DA:8,0
DA:16,0
DA:17,0
DA:18,0
DA:19,0
DA:20,0
DA:23,0
DA:26,0
DA:28,0
DA:30,0
DA:31,0
DA:35,0
DA:38,0
DA:40,0
DA:42,0
DA:47,0
DA:48,0
DA:50,0
DA:56,0
DA:57,0
DA:60,0
LF:26
LH:0
BRDA:28,0,0,0
BRDA:30,1,0,0
BRDA:40,2,0,0
BRF:3
BRH:0
end_of_record
TN:
SF:src\agents\performanceAgent.ts
FN:10,(anonymous_2)
FN:13,(anonymous_4)
FN:25,(anonymous_5)
FN:29,(anonymous_6)
FN:33,(anonymous_7)
FN:37,(anonymous_8)
FN:38,(anonymous_9)
FN:47,(anonymous_10)
FN:50,(anonymous_11)
FN:52,(anonymous_12)
FN:60,(anonymous_13)
FN:61,(anonymous_14)
FNF:12
FNH:0
FNDA:0,(anonymous_2)
FNDA:0,(anonymous_4)
FNDA:0,(anonymous_5)
FNDA:0,(anonymous_6)
FNDA:0,(anonymous_7)
FNDA:0,(anonymous_8)
FNDA:0,(anonymous_9)
FNDA:0,(anonymous_10)
FNDA:0,(anonymous_11)
FNDA:0,(anonymous_12)
FNDA:0,(anonymous_13)
FNDA:0,(anonymous_14)
DA:10,0
DA:11,0
DA:13,0
DA:14,0
DA:15,0
DA:22,0
DA:25,0
DA:26,0
DA:29,0
DA:30,0
DA:33,0
DA:34,0
DA:37,0
DA:38,0
DA:47,0
DA:48,0
DA:49,0
DA:50,0
DA:52,0
DA:54,0
DA:60,0
DA:61,0
DA:68,0
LF:23
LH:0
BRDA:14,0,0,0
BRDA:63,1,0,0
BRDA:63,1,1,0
BRF:3
BRH:0
end_of_record
TN:
SF:src\config\env.ts
FN:36,(anonymous_0)
FNF:1
FNH:0
FNDA:0,(anonymous_0)
DA:1,0
DA:4,0
DA:36,0
DA:37,0
DA:38,0
DA:40,0
DA:41,0
DA:46,0
LF:8
LH:0
BRF:0
BRH:0
end_of_record
TN:
SF:src\constants\errorMessages.ts
FNF:0
FNH:0
DA:3,0
DA:37,0
DA:43,0
LF:3
LH:0
BRF:0
BRH:0
end_of_record
TN:
SF:src\lib\auth.ts
FN:15,hashPassword
FN:19,authenticateUser
FN:20,(anonymous_16)
FN:27,withAuth
FN:28,(anonymous_18)
FN:28,(anonymous_19)
FN:52,generateApiKey
FNF:7
FNH:0
FNDA:0,hashPassword
FNDA:0,authenticateUser
FNDA:0,(anonymous_16)
FNDA:0,withAuth
FNDA:0,(anonymous_18)
FNDA:0,(anonymous_19)
FNDA:0,generateApiKey
DA:2,0
DA:5,0
DA:15,0
DA:16,0
DA:19,0
DA:20,0
DA:21,0
DA:23,0
DA:24,0
DA:27,0
DA:28,0
DA:30,0
DA:32,0
DA:33,0
DA:37,0
DA:39,0
DA:41,0
DA:42,0
DA:46,0
DA:48,0
DA:52,0
DA:53,0
DA:54,0
DA:55,0
LF:24
LH:0
BRDA:21,0,0,0
BRDA:24,1,0,0
BRDA:24,1,1,0
BRDA:32,2,0,0
BRDA:41,3,0,0
BRF:5
BRH:0
end_of_record
TN:
SF:src\lib\performanceOptimizer.ts
FN:11,(anonymous_0)
FN:16,(anonymous_2)
FN:21,(anonymous_3)
FN:35,(anonymous_4)
FN:42,(anonymous_5)
FN:50,(anonymous_6)
FN:60,(anonymous_7)
FN:68,(anonymous_8)
FN:69,(anonymous_9)
FN:80,(anonymous_10)
FN:85,(anonymous_11)
FN:107,(anonymous_12)
FN:112,(anonymous_13)
FNF:13
FNH:0
FNDA:0,(anonymous_0)
FNDA:0,(anonymous_2)
FNDA:0,(anonymous_3)
FNDA:0,(anonymous_4)
FNDA:0,(anonymous_5)
FNDA:0,(anonymous_6)
FNDA:0,(anonymous_7)
FNDA:0,(anonymous_8)
FNDA:0,(anonymous_9)
FNDA:0,(anonymous_10)
FNDA:0,(anonymous_11)
FNDA:0,(anonymous_12)
FNDA:0,(anonymous_13)
DA:1,0
DA:2,0
DA:11,0
DA:12,0
DA:13,0
DA:16,0
DA:17,0
DA:18,0
DA:20,0
DA:22,0
DA:23,0
DA:24,0
DA:25,0
DA:26,0
DA:28,0
DA:33,0
DA:36,0
DA:37,0
DA:42,0
DA:43,0
DA:44,0
DA:46,0
DA:47,0
DA:50,0
DA:51,0
DA:55,0
DA:60,0
DA:62,0
DA:63,0
DA:65,0
DA:66,0
DA:68,0
DA:69,0
DA:70,0
DA:73,0
DA:75,0
DA:76,0
DA:79,0
DA:82,0
DA:83,0
DA:86,0
DA:87,0
DA:89,0
DA:94,0
DA:95,0
DA:98,0
DA:102,0
DA:107,0
DA:108,0
DA:112,0
DA:113,0
DA:115,0
LF:52
LH:0
BRDA:24,0,0,0
BRDA:42,1,0,0
BRDA:46,2,0,0
BRDA:46,3,0,0
BRDA:46,3,1,0
BRDA:62,4,0,0
BRDA:63,5,0,0
BRDA:73,6,0,0
BRDA:73,7,0,0
BRDA:73,7,1,0
BRDA:94,8,0,0
BRF:11
BRH:0
end_of_record
TN:
SF:src\lib\securityHardener.ts
FN:4,(anonymous_1)
FN:6,(anonymous_3)
FN:11,(anonymous_4)
FN:25,(anonymous_5)
FN:38,(anonymous_6)
FN:48,(anonymous_7)
FN:54,(anonymous_8)
FN:57,(anonymous_9)
FN:86,(anonymous_10)
FN:101,(anonymous_11)
FN:118,(anonymous_12)
FN:132,(anonymous_13)
FN:138,(anonymous_14)
FNF:13
FNH:0
FNDA:0,(anonymous_1)
FNDA:0,(anonymous_3)
FNDA:0,(anonymous_4)
FNDA:0,(anonymous_5)
FNDA:0,(anonymous_6)
FNDA:0,(anonymous_7)
FNDA:0,(anonymous_8)
FNDA:0,(anonymous_9)
FNDA:0,(anonymous_10)
FNDA:0,(anonymous_11)
FNDA:0,(anonymous_12)
FNDA:0,(anonymous_13)
FNDA:0,(anonymous_14)
DA:1,0
DA:2,0
DA:4,0
DA:6,0
DA:7,0
DA:11,0
DA:12,0
DA:13,0
DA:21,0
DA:25,0
DA:30,0
DA:31,0
DA:38,0
DA:39,0
DA:48,0
DA:49,0
DA:50,0
DA:52,0
DA:54,0
DA:55,0
DA:57,0
DA:58,0
DA:62,0
DA:63,0
DA:65,0
DA:66,0
DA:67,0
DA:68,0
DA:70,0
DA:72,0
DA:78,0
DA:81,0
DA:86,0
DA:87,0
DA:88,0
DA:94,0
DA:95,0
DA:97,0
DA:101,0
DA:102,0
DA:103,0
DA:105,0
DA:111,0
DA:112,0
DA:114,0
DA:118,0
DA:119,0
DA:121,0
DA:126,0
DA:132,0
DA:133,0
DA:134,0
DA:138,0
DA:139,0
DA:140,0
DA:144,0
DA:146,0
LF:57
LH:0
BRDA:6,0,0,0
BRDA:12,1,0,0
BRDA:12,1,1,0
BRDA:49,2,0,0
BRDA:50,3,0,0
BRDA:65,4,0,0
BRDA:65,4,1,0
BRDA:65,5,0,0
BRDA:65,5,1,0
BRDA:66,6,0,0
BRDA:133,7,0,0
BRDA:139,8,0,0
BRF:12
BRH:0
end_of_record
TN:
SF:src\lib\validations.ts
FNF:0
FNH:0
DA:1,0
DA:3,0
DA:10,0
LF:3
LH:0
BRF:0
BRH:0
end_of_record
TN:
SF:src\lib\agents\BaseAgent.ts
FN:9,(anonymous_19)
FN:13,BaseAgent
FN:24,(anonymous_21)
FN:28,(anonymous_22)
FN:32,(anonymous_23)
FN:37,(anonymous_24)
FN:42,(anonymous_25)
FN:47,(anonymous_28)
FNF:8
FNH:0
FNDA:0,(anonymous_19)
FNDA:0,BaseAgent
FNDA:0,(anonymous_21)
FNDA:0,(anonymous_22)
FNDA:0,(anonymous_23)
FNDA:0,(anonymous_24)
FNDA:0,(anonymous_25)
FNDA:0,(anonymous_28)
DA:1,0
DA:9,0
DA:11,0
DA:14,0
DA:15,0
DA:24,0
DA:25,0
DA:28,0
DA:29,0
DA:32,0
DA:33,0
DA:34,0
DA:37,0
DA:38,0
DA:42,0
DA:44,0
DA:47,0
DA:49,0
DA:50,0
DA:52,0
LF:20
LH:0
BRDA:14,0,0,0
BRDA:14,0,1,0
BRF:2
BRH:0
end_of_record
TN:
SF:src\lib\agents\ComplianceAgent.ts
FN:3,(anonymous_21)
FN:11,ComplianceAgent
FN:22,(anonymous_23)
FN:31,(anonymous_26)
FN:47,(anonymous_29)
FN:55,(anonymous_32)
FN:60,(anonymous_33)
FN:74,(anonymous_36)
FN:90,(anonymous_39)
FN:96,(anonymous_40)
FNF:10
FNH:0
FNDA:0,(anonymous_21)
FNDA:0,ComplianceAgent
FNDA:0,(anonymous_23)
FNDA:0,(anonymous_26)
FNDA:0,(anonymous_29)
FNDA:0,(anonymous_32)
FNDA:0,(anonymous_33)
FNDA:0,(anonymous_36)
FNDA:0,(anonymous_39)
FNDA:0,(anonymous_40)
DA:1,0
DA:3,0
DA:4,0
DA:5,0
DA:12,0
DA:22,0
DA:24,0
DA:31,0
DA:35,0
DA:37,0
DA:39,0
DA:41,0
DA:43,0
DA:47,0
DA:48,0
DA:54,0
DA:55,0
DA:60,0
DA:61,0
DA:62,0
DA:63,0
DA:68,0
DA:74,0
DA:76,0
DA:77,0
DA:84,0
DA:90,0
DA:93,0
DA:96,0
DA:97,0
DA:99,0
DA:100,0
DA:102,0
DA:103,0
DA:105,0
DA:108,0
LF:36
LH:0
BRDA:12,0,0,0
BRDA:12,0,1,0
BRDA:35,1,0,0
BRDA:35,1,1,0
BRDA:35,1,2,0
BRDA:35,1,3,0
BRDA:61,2,0,0
BRDA:76,3,0,0
BRDA:97,4,0,0
BRDA:97,4,1,0
BRDA:97,4,2,0
BRF:11
BRH:0
end_of_record
TN:
SF:src\lib\agents\ContentGenerationAgent.ts
FN:3,(anonymous_21)
FN:4,ContentGenerationAgent
FN:15,(anonymous_23)
FN:24,(anonymous_26)
FN:40,(anonymous_29)
FN:57,(anonymous_32)
FN:65,(anonymous_35)
FN:73,(anonymous_38)
FNF:8
FNH:0
FNDA:0,(anonymous_21)
FNDA:0,ContentGenerationAgent
FNDA:0,(anonymous_23)
FNDA:0,(anonymous_26)
FNDA:0,(anonymous_29)
FNDA:0,(anonymous_32)
FNDA:0,(anonymous_35)
FNDA:0,(anonymous_38)
DA:1,0
DA:3,0
DA:5,0
DA:15,0
DA:17,0
DA:24,0
DA:28,0
DA:30,0
DA:32,0
DA:34,0
DA:36,0
DA:40,0
DA:42,0
DA:57,0
DA:59,0
DA:65,0
DA:67,0
DA:73,0
DA:74,0
DA:76,0
DA:77,0
DA:79,0
DA:80,0
DA:82,0
DA:85,0
LF:25
LH:0
BRDA:5,0,0,0
BRDA:5,0,1,0
BRDA:28,1,0,0
BRDA:28,1,1,0
BRDA:28,1,2,0
BRDA:28,1,3,0
BRDA:45,2,0,0
BRDA:45,2,1,0
BRDA:45,3,0,0
BRDA:45,3,1,0
BRDA:45,4,0,0
BRDA:45,4,1,0
BRDA:47,5,0,0
BRDA:47,5,1,0
BRDA:47,6,0,0
BRDA:47,6,1,0
BRDA:47,7,0,0
BRDA:47,7,1,0
BRDA:74,8,0,0
BRDA:74,8,1,0
BRDA:74,8,2,0
BRF:21
BRH:0
end_of_record
TN:
SF:src\lib\agents\DispatchAgent.ts
FN:3,(anonymous_21)
FN:11,DispatchAgent
FN:22,(anonymous_23)
FN:31,(anonymous_26)
FN:47,(anonymous_29)
FN:61,(anonymous_32)
FN:73,(anonymous_35)
FN:82,(anonymous_38)
FN:101,(anonymous_39)
FNF:9
FNH:0
FNDA:0,(anonymous_21)
FNDA:0,DispatchAgent
FNDA:0,(anonymous_23)
FNDA:0,(anonymous_26)
FNDA:0,(anonymous_29)
FNDA:0,(anonymous_32)
FNDA:0,(anonymous_35)
FNDA:0,(anonymous_38)
FNDA:0,(anonymous_39)
DA:1,0
DA:3,0
DA:4,0
DA:5,0
DA:12,0
DA:22,0
DA:24,0
DA:31,0
DA:35,0
DA:37,0
DA:39,0
DA:41,0
DA:43,0
DA:47,0
DA:49,0
DA:50,0
DA:54,0
DA:61,0
DA:62,0
DA:67,0
DA:73,0
DA:75,0
DA:82,0
DA:83,0
DA:84,0
DA:87,0
DA:88,0
DA:89,0
DA:93,0
DA:94,0
DA:97,0
DA:98,0
DA:101,0
DA:102,0
DA:104,0
DA:105,0
DA:107,0
DA:108,0
DA:110,0
DA:113,0
LF:40
LH:0
BRDA:12,0,0,0
BRDA:12,0,1,0
BRDA:35,1,0,0
BRDA:35,1,1,0
BRDA:35,1,2,0
BRDA:35,1,3,0
BRDA:49,2,0,0
BRDA:87,3,0,0
BRDA:93,4,0,0
BRDA:102,5,0,0
BRDA:102,5,1,0
BRDA:102,5,2,0
BRF:12
BRH:0
end_of_record
TN:
SF:src\lib\agents\ResearchAgent.ts
FN:3,(anonymous_21)
FN:4,ResearchAgent
FN:15,(anonymous_23)
FN:24,(anonymous_26)
FN:40,(anonymous_29)
FN:49,(anonymous_32)
FN:58,(anonymous_35)
FN:66,(anonymous_38)
FNF:8
FNH:0
FNDA:0,(anonymous_21)
FNDA:0,ResearchAgent
FNDA:0,(anonymous_23)
FNDA:0,(anonymous_26)
FNDA:0,(anonymous_29)
FNDA:0,(anonymous_32)
FNDA:0,(anonymous_35)
FNDA:0,(anonymous_38)
DA:1,0
DA:3,0
DA:5,0
DA:15,0
DA:17,0
DA:24,0
DA:28,0
DA:30,0
DA:32,0
DA:34,0
DA:36,0
DA:40,0
DA:42,0
DA:49,0
DA:51,0
DA:58,0
DA:60,0
DA:66,0
DA:67,0
DA:69,0
DA:70,0
DA:72,0
DA:75,0
LF:23
LH:0
BRDA:5,0,0,0
BRDA:5,0,1,0
BRDA:28,1,0,0
BRDA:28,1,1,0
BRDA:28,1,2,0
BRDA:28,1,3,0
BRDA:67,2,0,0
BRDA:67,2,1,0
BRF:8
BRH:0
end_of_record
TN:
SF:src\lib\ai\inference.ts
FN:4,(anonymous_16)
FN:19,(anonymous_17)
FN:30,(anonymous_19)
FN:69,(anonymous_22)
FN:79,(anonymous_23)
FN:86,(anonymous_26)
FN:102,(anonymous_27)
FN:106,(anonymous_28)
FN:111,(anonymous_29)
FN:113,(anonymous_30)
FNF:10
FNH:0
FNDA:0,(anonymous_16)
FNDA:0,(anonymous_17)
FNDA:0,(anonymous_19)
FNDA:0,(anonymous_22)
FNDA:0,(anonymous_23)
FNDA:0,(anonymous_26)
FNDA:0,(anonymous_27)
FNDA:0,(anonymous_28)
FNDA:0,(anonymous_29)
FNDA:0,(anonymous_30)
DA:1,0
DA:4,0
DA:5,0
DA:6,0
DA:7,0
DA:8,0
DA:19,0
DA:20,0
DA:23,0
DA:30,0
DA:32,0
DA:34,0
DA:35,0
DA:37,0
DA:38,0
DA:39,0
DA:43,0
DA:61,0
DA:63,0
DA:64,0
DA:69,0
DA:70,0
DA:75,0
DA:79,0
DA:81,0
DA:82,0
DA:86,0
DA:87,0
DA:90,0
DA:91,0
DA:94,0
DA:95,0
DA:98,0
DA:102,0
DA:106,0
DA:108,0
DA:109,0
DA:111,0
DA:113,0
DA:117,0
DA:122,0
LF:41
LH:0
BRDA:4,0,0,0
BRDA:4,0,1,0
BRDA:32,1,0,0
BRDA:35,2,0,0
BRDA:35,2,1,0
BRDA:37,3,0,0
BRDA:61,4,0,0
BRDA:61,4,1,0
BRDA:61,5,0,0
BRDA:61,5,1,0
BRDA:61,6,0,0
BRDA:61,6,1,0
BRDA:90,7,0,0
BRDA:90,8,0,0
BRDA:90,8,1,0
BRDA:94,9,0,0
BRDA:111,10,0,0
BRDA:111,10,1,0
BRDA:113,11,0,0
BRDA:113,11,1,0
BRF:20
BRH:0
end_of_record
TN:
SF:src\lib\db\models.ts
FNF:0
FNH:0
DA:1,0
DA:2,0
DA:5,0
DA:17,0
DA:25,0
DA:41,0
DA:52,0
DA:53,0
LF:8
LH:0
BRDA:52,0,0,0
BRDA:52,0,1,0
BRDA:53,1,0,0
BRDA:53,1,1,0
BRF:4
BRH:0
end_of_record
TN:
SF:src\lib\services\ai-inference.ts
FN:22,(anonymous_14)
FN:26,AIInferenceService
FN:31,(anonymous_16)
FN:66,(anonymous_19)
FN:77,(anonymous_20)
FN:79,(anonymous_21)
FNF:6
FNH:0
FNDA:0,(anonymous_14)
FNDA:0,AIInferenceService
FNDA:0,(anonymous_16)
FNDA:0,(anonymous_19)
FNDA:0,(anonymous_20)
FNDA:0,(anonymous_21)
DA:1,0
DA:2,0
DA:5,0
DA:13,0
DA:22,0
DA:27,0
DA:28,0
DA:31,0
DA:33,0
DA:36,0
DA:55,0
DA:56,0
DA:59,0
DA:61,0
DA:62,0
DA:66,0
DA:67,0
DA:77,0
DA:79,0
DA:81,0
DA:87,0
DA:89,0
LF:22
LH:0
BRDA:27,0,0,0
BRDA:27,0,1,0
BRDA:55,1,0,0
BRDA:55,1,1,0
BRDA:55,2,0,0
BRDA:55,2,1,0
BRDA:55,3,0,0
BRDA:55,3,1,0
BRDA:69,4,0,0
BRDA:69,4,1,0
BRDA:82,5,0,0
BRDA:82,5,1,0
BRDA:83,6,0,0
BRDA:83,6,1,0
BRDA:84,7,0,0
BRDA:84,7,1,0
BRF:16
BRH:0
end_of_record
TN:
SF:src\lib\services\compliance-service.ts
FN:25,(anonymous_15)
FN:26,(anonymous_17)
FN:44,(anonymous_20)
FN:53,(anonymous_23)
FN:59,(anonymous_26)
FNF:5
FNH:0
FNDA:0,(anonymous_15)
FNDA:0,(anonymous_17)
FNDA:0,(anonymous_20)
FNDA:0,(anonymous_23)
FNDA:0,(anonymous_26)
DA:1,0
DA:2,0
DA:5,0
DA:15,0
DA:25,0
DA:26,0
DA:28,0
DA:31,0
DA:36,0
DA:37,0
DA:39,0
DA:40,0
DA:44,0
DA:46,0
DA:48,0
DA:49,0
DA:53,0
DA:55,0
DA:57,0
DA:60,0
DA:61,0
DA:65,0
DA:67,0
DA:68,0
DA:71,0
DA:73,0
LF:26
LH:0
BRDA:46,0,0,0
BRDA:60,1,0,0
BRDA:60,1,1,0
BRF:3
BRH:0
end_of_record
TN:
SF:src\lib\services\email-service.ts
FN:30,(anonymous_14)
FN:33,EmailService
FN:39,(anonymous_16)
FN:54,(anonymous_17)
FN:101,(anonymous_20)
FN:154,(anonymous_21)
FNF:6
FNH:0
FNDA:0,(anonymous_14)
FNDA:0,EmailService
FNDA:0,(anonymous_16)
FNDA:0,(anonymous_17)
FNDA:0,(anonymous_20)
FNDA:0,(anonymous_21)
DA:1,0
DA:2,0
DA:3,0
DA:6,0
DA:16,0
DA:30,0
DA:31,0
DA:33,0
DA:34,0
DA:35,0
DA:39,0
DA:41,0
DA:43,0
DA:54,0
DA:56,0
DA:58,0
DA:59,0
DA:64,0
DA:73,0
DA:74,0
DA:85,0
DA:88,0
DA:89,0
DA:96,0
DA:97,0
DA:101,0
DA:103,0
DA:154,0
DA:155,0
DA:156,0
DA:160,0
DA:161,0
DA:163,0
DA:164,0
DA:167,0
DA:169,0
LF:36
LH:0
BRDA:34,0,0,0
BRDA:85,1,0,0
BRDA:58,2,0,0
BRDA:65,3,0,0
BRDA:65,3,1,0
BRDA:65,4,0,0
BRDA:65,4,1,0
BRDA:65,5,0,0
BRDA:65,5,1,0
BRDA:73,6,0,0
BRDA:88,7,0,0
BRDA:92,8,0,0
BRDA:92,8,1,0
BRDA:155,9,0,0
BRF:14
BRH:0
end_of_record
TN:
SF:src\lib\utils\cost-tracker.ts
FN:1,(anonymous_0)
FN:7,CostTracker
FN:9,(anonymous_2)
FN:16,(anonymous_3)
FN:20,(anonymous_4)
FN:24,(anonymous_5)
FN:28,(anonymous_6)
FN:57,(anonymous_7)
FNF:8
FNH:0
FNDA:0,(anonymous_0)
FNDA:0,CostTracker
FNDA:0,(anonymous_2)
FNDA:0,(anonymous_3)
FNDA:0,(anonymous_4)
FNDA:0,(anonymous_5)
FNDA:0,(anonymous_6)
FNDA:0,(anonymous_7)
DA:1,0
DA:3,0
DA:4,0
DA:5,0
DA:9,0
DA:10,0
DA:11,0
DA:13,0
DA:16,0
DA:17,0
DA:20,0
DA:21,0
DA:24,0
DA:25,0
DA:28,0
DA:37,0
DA:38,0
DA:39,0
DA:42,0
DA:47,0
DA:57,0
DA:58,0
DA:59,0
DA:60,0
DA:62,0
LF:25
LH:0
BRDA:10,0,0,0
BRF:1
BRH:0
end_of_record
TN:
SF:src\lib\validations\campaignSchema.ts
FN:54,(anonymous_0)
FN:55,(anonymous_1)
FN:62,validateCampaign
FNF:3
FNH:0
FNDA:0,(anonymous_0)
FNDA:0,(anonymous_1)
FNDA:0,validateCampaign
DA:1,0
DA:4,0
DA:54,0
DA:55,0
DA:62,0
DA:63,0
LF:6
LH:0
BRF:0
BRH:0
end_of_record
TN:
SF:src\pages\api\health.ts
FN:6,handler
FNF:1
FNH:0
FNDA:0,handler
DA:2,0
DA:3,0
DA:4,0
DA:6,0
DA:9,0
DA:10,0
DA:11,0
DA:13,0
DA:34,0
LF:9
LH:0
BRDA:36,0,0,0
BRDA:36,0,1,0
BRF:2
BRH:0
end_of_record
TN:
SF:src\pages\api\affiliates\index.ts
FN:9,handler
FNF:1
FNH:0
FNDA:0,handler
DA:2,0
DA:3,0
DA:4,0
DA:7,0
DA:10,0
DA:12,0
DA:14,0
DA:16,0
DA:19,0
DA:26,0
DA:28,0
DA:30,0
DA:35,0
DA:39,0
DA:40,0
DA:43,0
DA:44,0
DA:48,0
LF:18
LH:0
BRDA:12,0,0,0
BRDA:12,0,1,0
BRDA:12,0,2,0
BRDA:32,1,0,0
BRDA:32,1,1,0
BRF:5
BRH:0
end_of_record
TN:
SF:src\pages\api\email\config.ts
FN:9,handler
FNF:1
FNH:0
FNDA:0,handler
DA:2,0
DA:3,0
DA:4,0
DA:7,0
DA:10,0
DA:12,0
DA:14,0
DA:16,0
DA:19,0
DA:25,0
DA:30,0
DA:35,0
DA:39,0
DA:40,0
DA:41,0
DA:43,0
DA:45,0
DA:48,0
DA:49,0
DA:53,0
LF:20
LH:0
BRDA:12,0,0,0
BRDA:12,0,1,0
BRDA:12,0,2,0
BRDA:32,1,0,0
BRDA:32,1,1,0
BRDA:39,2,0,0
BRDA:39,2,1,0
BRF:7
BRH:0
end_of_record
TN:
SF:src\pages\api\performance\index.ts
FN:5,handler
FNF:1
FNH:0
FNDA:0,handler
DA:2,0
DA:3,0
DA:6,0
DA:8,0
DA:10,0
DA:12,0
DA:13,0
DA:15,0
DA:20,0
DA:23,0
DA:24,0
DA:28,0
LF:12
LH:0
BRDA:8,0,0,0
BRDA:8,0,1,0
BRDA:17,1,0,0
BRDA:17,1,1,0
BRF:4
BRH:0
end_of_record
TN:
SF:src\services\contextualUrlProcessor.ts
FN:18,(anonymous_15)
FN:20,(anonymous_17)
FN:22,(anonymous_20)
FN:22,(anonymous_21)
FN:49,(anonymous_23)
FN:51,(anonymous_26)
FN:52,(anonymous_27)
FN:59,(anonymous_28)
FN:74,(anonymous_29)
FN:81,(anonymous_30)
FN:88,(anonymous_31)
FN:96,(anonymous_32)
FN:99,(anonymous_33)
FN:100,(anonymous_34)
FNF:14
FNH:0
FNDA:0,(anonymous_15)
FNDA:0,(anonymous_17)
FNDA:0,(anonymous_20)
FNDA:0,(anonymous_21)
FNDA:0,(anonymous_23)
FNDA:0,(anonymous_26)
FNDA:0,(anonymous_27)
FNDA:0,(anonymous_28)
FNDA:0,(anonymous_29)
FNDA:0,(anonymous_30)
FNDA:0,(anonymous_31)
FNDA:0,(anonymous_32)
FNDA:0,(anonymous_33)
FNDA:0,(anonymous_34)
DA:1,0
DA:4,0
DA:18,0
DA:20,0
DA:21,0
DA:22,0
DA:25,0
DA:27,0
DA:32,0
DA:33,0
DA:42,0
DA:49,0
DA:51,0
DA:52,0
DA:53,0
DA:59,0
DA:61,0
DA:63,0
DA:65,0
DA:67,0
DA:69,0
DA:74,0
DA:75,0
DA:81,0
DA:82,0
DA:88,0
DA:89,0
DA:96,0
DA:97,0
DA:99,0
DA:101,0
DA:102,0
DA:106,0
DA:108,0
LF:34
LH:0
BRDA:21,0,0,0
BRDA:61,1,0,0
BRDA:61,1,1,0
BRDA:61,1,2,0
BRDA:61,1,3,0
BRDA:101,2,0,0
BRDA:101,2,1,0
BRF:7
BRH:0
end_of_record
TN:
SF:src\types\global.ts
FNF:0
FNH:0
DA:1,0
DA:6,0
DA:28,0
DA:55,0
DA:70,0
DA:78,0
LF:6
LH:0
BRF:0
BRH:0
end_of_record
TN:
SF:src\types\marketingCampaignTypes.ts
FN:43,(anonymous_0)
FN:46,(anonymous_1)
FN:87,validateMarketingCampaignInput
FN:106,(anonymous_3)
FN:110,(anonymous_4)
FNF:5
FNH:0
FNDA:0,(anonymous_0)
FNDA:0,(anonymous_1)
FNDA:0,validateMarketingCampaignInput
FNDA:0,(anonymous_3)
FNDA:0,(anonymous_4)
DA:1,0
DA:4,0
DA:18,0
DA:27,0
DA:35,0
DA:43,0
DA:46,0
DA:87,0
DA:90,0
DA:94,0
DA:105,0
DA:106,0
DA:110,0
LF:13
LH:0
BRF:0
BRH:0
end_of_record
